#
# A fatal error has been detected by the Java Runtime Environment:
#
#  EXCEPTION_ACCESS_VIOLATION (0xc0000005) at pc=0x00000000778732d0, pid=8032, tid=3728
#
# JRE version: 7.0_01-b08
# Java VM: Java HotSpot(TM) 64-Bit Server VM (21.1-b02 mixed mode windows-amd64 compressed oops)
# Problematic frame:
# C  [ntdll.dll+0x532d0]
#
# Failed to write core dump. Minidumps are not enabled by default on client versions of Windows
#
# If you would like to submit a bug report, please visit:
#   http://bugreport.sun.com/bugreport/crash.jsp
# The crash happened outside the Java Virtual Machine in native code.
# See problematic frame for where to report the bug.
#

---------------  T H R E A D  ---------------

Current thread (0x0000000007316000):  JavaThread "LWJGL Application" [_thread_in_native, id=3728, stack(0x0000000008a10000,0x0000000008b10000)]

siginfo: ExceptionCode=0xc0000005, reading address 0x0000022a26feddd8

Registers:
RAX=0x00000000c2f66a40, RBX=0x0000022a26feddd0, RCX=0x000000ffffffffff, RDX=0x00000000006af0e0
RSP=0x0000000008b0eb80, RBP=0x0000000000000000, RSI=0x0000000000290000, RDI=0x00000000006af0f0
R8 =0x00000000006af0f0, R9 =0x00000000000000db, R10=0x000000000277219c, R11=0x0000000063a0a070
R12=0x0000000000000000, R13=0x00000000bb869160, R14=0x0000000008b0ee68, R15=0x0000000007316000
RIP=0x00000000778732d0, EFLAGS=0x0000000000010202

Top of Stack: (sp=0x0000000008b0eb80)
0x0000000008b0eb80:   0000000008b0ec00 000000006393a8a6
0x0000000008b0eb90:   0000000000580afe 00000000061e26d8
0x0000000008b0eba0:   00000000061e2721 0000000900000009
0x0000000008b0ebb0:   0000000063e68700 000000018000aa6a
0x0000000008b0ebc0:   0000000007316000 0000000008b0ee68
0x0000000008b0ebd0:   00000000bb869160 0000000000000000
0x0000000008b0ebe0:   00000000bb803620 0000000000000000
0x0000000008b0ebf0:   0000000008b0ee38 000007feff7710c8
0x0000000008b0ec00:   0000000000000000 0000000000469dd0
0x0000000008b0ec10:   0000000000000000 00000000bb803620
0x0000000008b0ec20:   0000000000469dd0 0000000065583709
0x0000000008b0ec30:   0000000007316000 00000000638fd078
0x0000000008b0ec40:   0000000000000000 000000000000000b
0x0000000008b0ec50:   0000000008b0ed10 0000000000000001
0x0000000008b0ec60:   0000000000000000 00000000639734e1
0x0000000008b0ec70:   0000000000000000 00000000655cc409 

Instructions: (pc=0x00000000778732d0)
0x00000000778732b0:   ff ff 00 00 00 48 33 de 48 23 c1 48 c1 eb 04 48
0x00000000778732c0:   33 d8 48 33 1d ff f0 0d 00 48 c1 e3 04 0f 0d 0b
0x00000000778732d0:   4c 8b 63 08 49 bd 01 00 00 00 01 00 00 00 49 be
0x00000000778732e0:   ff 7f 00 00 ff ff ff ff c6 42 0f 80 c6 42 0e 00 


Register to memory mapping:

RAX=0x00000000c2f66a40 is an unallocated location in the heap
RBX=0x0000022a26feddd0 is an unknown value
RCX=0x000000ffffffffff is an unknown value
RDX=0x00000000006af0e0 is an unknown value
RSP=0x0000000008b0eb80 is pointing into the stack for thread: 0x0000000007316000
RBP=0x0000000000000000 is an unknown value
RSI=0x0000000000290000 is an unknown value
RDI=0x00000000006af0f0 is an unknown value
R8 =0x00000000006af0f0 is an unknown value
R9 =0x00000000000000db is an unknown value
R10=0x000000000277219c is an Interpreter codelet
method entry point (kind = native)  [0x0000000002771f20, 0x00000000027727a0]  2176 bytes
R11=0x0000000063a0a070 is an unknown value
R12=0x0000000000000000 is an unknown value
R13=0x00000000bb869160 is an oop
{method} 
 - klass: {other class}
R14=0x0000000008b0ee68 is pointing into the stack for thread: 0x0000000007316000
R15=0x0000000007316000 is a thread


Stack: [0x0000000008a10000,0x0000000008b10000],  sp=0x0000000008b0eb80,  free space=1018k
Native frames: (J=compiled Java code, j=interpreted, Vv=VM code, C=native code)
C  [ntdll.dll+0x532d0]  RtlFreeHeap+0xd0

[error occurred during error reporting (printing native stack), id 0xc0000005]

Java frames: (J=compiled Java code, j=interpreted, Vv=VM code)
j  com.badlogic.gdx.physics.box2d.World.jniDispose(J)V+0
j  com.badlogic.gdx.physics.box2d.World.dispose()V+5
j  com.punchline.javalib.entities.EntityWorld.dispose()V+11
j  com.punchline.javalib.states.screens.GameplayScreen.dispose()V+4
j  com.punchline.javalib.states.screens.PauseMenuScreen.onQuitPressed()V+4
j  com.punchline.javalib.states.screens.PauseMenuScreen$3.touchUp(Lcom/badlogic/gdx/scenes/scene2d/InputEvent;FFII)V+15
j  com.badlogic.gdx.scenes.scene2d.InputListener.handle(Lcom/badlogic/gdx/scenes/scene2d/Event;)Z+196
j  com.badlogic.gdx.scenes.scene2d.Stage.touchUp(IIII)Z+214
j  com.badlogic.gdx.backends.lwjgl.LwjglInput.processEvents()V+283
j  com.badlogic.gdx.backends.lwjgl.LwjglApplication.mainLoop()V+511
j  com.badlogic.gdx.backends.lwjgl.LwjglApplication$1.run()V+27
v  ~StubRoutines::call_stub

---------------  P R O C E S S  ---------------

Java Threads: ( => current thread )
  0x0000000007336000 JavaThread "LWJGL Timer" daemon [_thread_blocked, id=7716, stack(0x000000000a590000,0x000000000a690000)]
  0x000000000231c000 JavaThread "DestroyJavaVM" [_thread_blocked, id=4772, stack(0x0000000002660000,0x0000000002760000)]
=>0x0000000007316000 JavaThread "LWJGL Application" [_thread_in_native, id=3728, stack(0x0000000008a10000,0x0000000008b10000)]
  0x000000000619c800 JavaThread "Service Thread" daemon [_thread_blocked, id=5520, stack(0x0000000007170000,0x0000000007270000)]
  0x000000000619c000 JavaThread "C2 CompilerThread1" daemon [_thread_blocked, id=7508, stack(0x0000000007010000,0x0000000007110000)]
  0x0000000006196000 JavaThread "C2 CompilerThread0" daemon [_thread_blocked, id=8268, stack(0x0000000006d20000,0x0000000006e20000)]
  0x0000000006193000 JavaThread "Attach Listener" daemon [_thread_blocked, id=1928, stack(0x00000000067b0000,0x00000000068b0000)]
  0x000000000618e000 JavaThread "Signal Dispatcher" daemon [_thread_blocked, id=7124, stack(0x0000000006b80000,0x0000000006c80000)]
  0x000000000224a000 JavaThread "Finalizer" daemon [_thread_blocked, id=7072, stack(0x00000000069d0000,0x0000000006ad0000)]
  0x000000000223e000 JavaThread "Reference Handler" daemon [_thread_blocked, id=2176, stack(0x00000000068c0000,0x00000000069c0000)]

Other Threads:
  0x0000000002235800 VMThread [stack: 0x00000000065e0000,0x00000000066e0000] [id=7240]
  0x00000000061b5000 WatcherThread [stack: 0x0000000006e70000,0x0000000006f70000] [id=7848]

VM state:not at safepoint (normal execution)

VM Mutex/Monitor currently owned by a thread: None

Heap
 PSYoungGen      total 19072K, used 4742K [0x00000000eac00000, 0x00000000ec140000, 0x0000000100000000)
  eden space 16384K, 12% used [0x00000000eac00000,0x00000000eae03ff0,0x00000000ebc00000)
  from space 2688K, 99% used [0x00000000ebc00000,0x00000000ebe9d8f8,0x00000000ebea0000)
  to   space 2688K, 0% used [0x00000000ebea0000,0x00000000ebea0000,0x00000000ec140000)
 PSOldGen        total 43520K, used 1303K [0x00000000c0400000, 0x00000000c2e80000, 0x00000000eac00000)
  object space 43520K, 2% used [0x00000000c0400000,0x00000000c0545d30,0x00000000c2e80000)
 PSPermGen       total 21248K, used 6928K [0x00000000bb200000, 0x00000000bc6c0000, 0x00000000c0400000)
  object space 21248K, 32% used [0x00000000bb200000,0x00000000bb8c4178,0x00000000bc6c0000)

Code Cache  [0x0000000002760000, 0x00000000029d0000, 0x0000000005760000)
 total_blobs=546 nmethods=157 adapters=340 free_code_cache=48442Kb largest_free_block=49579200

Dynamic libraries:
0x000000013f030000 - 0x000000013f063000 	C:\Program Files\Java\jre7\bin\javaw.exe
0x0000000077820000 - 0x00000000779c9000 	C:\Windows\SYSTEM32\ntdll.dll
0x0000000077700000 - 0x000000007781f000 	C:\Windows\system32\kernel32.dll
0x000007fefd7c0000 - 0x000007fefd82b000 	C:\Windows\system32\KERNELBASE.dll
0x000007fefe420000 - 0x000007fefe4fb000 	C:\Windows\system32\ADVAPI32.dll
0x000007feff770000 - 0x000007feff80f000 	C:\Windows\system32\msvcrt.dll
0x000007fefda60000 - 0x000007fefda7f000 	C:\Windows\SYSTEM32\sechost.dll
0x000007fefe620000 - 0x000007fefe74d000 	C:\Windows\system32\RPCRT4.dll
0x0000000077600000 - 0x00000000776fa000 	C:\Windows\system32\USER32.dll
0x000007fefe2e0000 - 0x000007fefe347000 	C:\Windows\system32\GDI32.dll
0x000007fefe2d0000 - 0x000007fefe2de000 	C:\Windows\system32\LPK.dll
0x000007fefdfc0000 - 0x000007fefe089000 	C:\Windows\system32\USP10.dll
0x000007fefc1d0000 - 0x000007fefc3c4000 	C:\Windows\WinSxS\amd64_microsoft.windows.common-controls_6595b64144ccf1df_6.0.7601.17514_none_fa396087175ac9ac\COMCTL32.dll
0x000007fefda80000 - 0x000007fefdaf1000 	C:\Windows\system32\SHLWAPI.dll
0x000007fefda30000 - 0x000007fefda5e000 	C:\Windows\system32\IMM32.DLL
0x000007feffa20000 - 0x000007feffb29000 	C:\Windows\system32\MSCTF.dll
0x0000000070c90000 - 0x0000000070d61000 	C:\Program Files\Java\jre7\bin\msvcr100.dll
0x0000000063850000 - 0x0000000063f1d000 	C:\Program Files\Java\jre7\bin\server\jvm.dll
0x000007fefb230000 - 0x000007fefb239000 	C:\Windows\system32\WSOCK32.dll
0x000007fefe3b0000 - 0x000007fefe3fd000 	C:\Windows\system32\WS2_32.dll
0x000007fefe930000 - 0x000007fefe938000 	C:\Windows\system32\NSI.dll
0x000007fefb8e0000 - 0x000007fefb91b000 	C:\Windows\system32\WINMM.dll
0x00000000779e0000 - 0x00000000779e7000 	C:\Windows\system32\PSAPI.DLL
0x00000000740e0000 - 0x00000000740ef000 	C:\Program Files\Java\jre7\bin\verify.dll
0x0000000071dd0000 - 0x0000000071df8000 	C:\Program Files\Java\jre7\bin\java.dll
0x00000000729d0000 - 0x00000000729e5000 	C:\Program Files\Java\jre7\bin\zip.dll
0x0000000065580000 - 0x0000000065610000 	C:\Users\Nathaniel\AppData\Local\Temp\libgdxNathaniel\3483125498\gdx64.dll
0x0000000180000000 - 0x0000000180050000 	C:\Users\Nathaniel\AppData\Local\Temp\libgdxNathaniel\1284024257\lwjgl64.dll
0x000007feed4f0000 - 0x000007feed60d000 	C:\Windows\system32\OPENGL32.dll
0x000007fef41c0000 - 0x000007fef41ed000 	C:\Windows\system32\GLU32.dll
0x000007fef1610000 - 0x000007fef1701000 	C:\Windows\system32\DDRAW.dll
0x000007fefb9e0000 - 0x000007fefb9e8000 	C:\Windows\system32\DCIMAN32.dll
0x000007fefe750000 - 0x000007fefe927000 	C:\Windows\system32\SETUPAPI.dll
0x000007fefd9e0000 - 0x000007fefda16000 	C:\Windows\system32\CFGMGR32.dll
0x000007fefe090000 - 0x000007fefe167000 	C:\Windows\system32\OLEAUT32.dll
0x000007feff810000 - 0x000007feffa13000 	C:\Windows\system32\ole32.dll
0x000007fefd9c0000 - 0x000007fefd9da000 	C:\Windows\system32\DEVOBJ.dll
0x000007fefb720000 - 0x000007fefb738000 	C:\Windows\system32\dwmapi.dll
0x000007fefc6f0000 - 0x000007fefc6fc000 	C:\Windows\system32\VERSION.dll
0x0000000002250000 - 0x00000000022b4000 	C:\Users\NATHAN~1\AppData\Local\Temp\libgdxNathaniel\1284024257\OpenAL64.dll
0x000007fefe940000 - 0x000007feff6c8000 	C:\Windows\system32\SHELL32.dll
0x000007fefd530000 - 0x000007fefd53f000 	C:\Windows\system32\CRYPTBASE.dll
0x000007fefbff0000 - 0x000007fefc046000 	C:\Windows\system32\uxtheme.dll
0x000007feeef40000 - 0x000007feeefbf000 	C:\Program Files\Common Files\microsoft shared\ink\tiptsf.dll
0x000007feff6d0000 - 0x000007feff769000 	C:\Windows\system32\CLBCatQ.DLL
0x000007fefc050000 - 0x000007fefc17c000 	C:\Windows\System32\PROPSYS.dll
0x000007fefd6c0000 - 0x000007fefd6f9000 	C:\Windows\system32\WINTRUST.dll
0x000007fefd830000 - 0x000007fefd99a000 	C:\Windows\system32\CRYPT32.dll
0x000007fefd6a0000 - 0x000007fefd6af000 	C:\Windows\system32\MSASN1.dll
0x000007fefb920000 - 0x000007fefb9a8000 	C:\Windows\system32\dsound.dll
0x000007fefc6c0000 - 0x000007fefc6ec000 	C:\Windows\system32\POWRPROF.dll
0x000007fefbb30000 - 0x000007fefbb7b000 	C:\Windows\System32\MMDevApi.dll
0x000007fefb150000 - 0x000007fefb19f000 	C:\Windows\system32\AUDIOSES.DLL
0x000007fef6750000 - 0x000007fef6759000 	C:\Windows\system32\atig6pxx.dll
0x00000000542e0000 - 0x00000000559c3000 	C:\Windows\system32\atio6axx.dll
0x000007fefad40000 - 0x000007fefade6000 	C:\Windows\system32\atiadlxx.dll
0x000007fefc900000 - 0x000007fefc91e000 	C:\Windows\system32\USERENV.dll
0x000007fefd600000 - 0x000007fefd60f000 	C:\Windows\system32\profapi.dll
0x000007fefc7c0000 - 0x000007fefc7d1000 	C:\Windows\system32\WTSAPI32.dll
0x000007fefad10000 - 0x000007fefad37000 	C:\Windows\system32\IPHLPAPI.DLL
0x000007fefad00000 - 0x000007fefad0b000 	C:\Windows\system32\WINNSI.DLL
0x000007fef3380000 - 0x000007fef349e000 	C:\Windows\system32\aticfx64.dll
0x000007fef6740000 - 0x000007fef674e000 	C:\Windows\system32\atig6txx.dll
0x000007fefa5b0000 - 0x000007fefa604000 	C:\Windows\system32\oleacc.dll
0x000007fef09a0000 - 0x000007fef0a3c000 	C:\Windows\system32\mscms.dll
0x000007fef1a90000 - 0x000007fef1ad2000 	C:\Windows\system32\icm32.dll
0x000007fefce90000 - 0x000007fefcea7000 	C:\Windows\system32\CRYPTSP.dll
0x000007fefcb90000 - 0x000007fefcbd7000 	C:\Windows\system32\rsaenh.dll
0x000007fefd5e0000 - 0x000007fefd5f4000 	C:\Windows\system32\RpcRtRemote.dll
0x000007feef890000 - 0x000007feef9b5000 	C:\Windows\system32\dbghelp.dll

VM Arguments:
jvm_args: -Dfile.encoding=Cp1252 
java_command: com.punchline.microspace.Main
Launcher Type: SUN_STANDARD

Environment Variables:
JAVA_HOME=C:\Program Files (x86)\Java\jdk1.7.0_06\bin
PATH=C:\Program Files (x86)\AMD APP\bin\x86_64;C:\Program Files (x86)\AMD APP\bin\x86;C:\Program Files (x86)\NVIDIA Corporation\PhysX\Common;C:\Program Files\Common Files\Microsoft Shared\Windows Live;C:\Program Files (x86)\Common Files\Microsoft Shared\Windows Live;C:\Windows\system32;C:\Windows;C:\Windows\System32\Wbem;C:\Windows\System32\WindowsPowerShell\v1.0\;c:\Program Files (x86)\Common Files\Roxio Shared\DLLShared\;c:\Program Files (x86)\Common Files\Roxio Shared\DLLShared\;c:\Program Files (x86)\Common Files\Roxio Shared\12.0\DLLShared\;C:\Program Files (x86)\Windows Live\Shared;PROGRAMFILES\Internet Explorer;C:\Program Files (x86)\ATI Technologies\ATI.ACE\Core-Static;c:\Program Files\Microsoft SQL Server\110\Tools\Binn\;c:\Program Files (x86)\Microsoft SQL Server\110\Tools\Binn\;c:\Program Files\Microsoft SQL Server\110\DTS\Binn\;c:\Program Files (x86)\Microsoft SQL Server\110\Tools\Binn\ManagementStudio\;c:\Program Files (x86)\Microsoft SQL Server\110\DTS\Binn\;C:\Program Files\TortoiseGit\bin;C:\Program Files\TortoiseSVN\bin;;C:\Motion-Twin\Haxe\;C:\Motion-Twin\neko
USERNAME=Nathaniel
OS=Windows_NT
PROCESSOR_IDENTIFIER=Intel64 Family 6 Model 42 Stepping 7, GenuineIntel



---------------  S Y S T E M  ---------------

OS: Windows 7 , 64 bit Build 7601 Service Pack 1

CPU:total 4 (4 cores per cpu, 1 threads per core) family 6 model 42 stepping 7, cmov, cx8, fxsr, mmx, sse, sse2, sse3, ssse3, sse4.1, sse4.2, popcnt

Memory: 4k page, physical 4176428k(1464812k free), swap 8350996k(3609352k free)

vm_info: Java HotSpot(TM) 64-Bit Server VM (21.1-b02) for windows-amd64 JRE (1.7.0_01-b08), built on Oct  3 2011 01:39:25 by "java_re" with unknown MS VC++:1600

time: Wed Jul 24 17:01:16 2013
elapsed time: 16 seconds

