#
# A fatal error has been detected by the Java Runtime Environment:
#
#  EXCEPTION_ACCESS_VIOLATION (0xc0000005) at pc=0x00000000655a1b71, pid=6452, tid=7592
#
# JRE version: 7.0_01-b08
# Java VM: Java HotSpot(TM) 64-Bit Server VM (21.1-b02 mixed mode windows-amd64 compressed oops)
# Problematic frame:
# C  [gdx64.dll+0x21b71]
#
# Failed to write core dump. Minidumps are not enabled by default on client versions of Windows
#
# If you would like to submit a bug report, please visit:
#   http://bugreport.sun.com/bugreport/crash.jsp
# The crash happened outside the Java Virtual Machine in native code.
# See problematic frame for where to report the bug.
#

---------------  T H R E A D  ---------------

Current thread (0x000000000745b800):  JavaThread "LWJGL Application" [_thread_in_native, id=7592, stack(0x0000000007ed0000,0x0000000007fd0000)]

siginfo: ExceptionCode=0xc0000005, reading address 0x00000000003530f0

Registers:
RAX=0x0000000000000001, RBX=0x0000000000339dd0, RCX=0x000000000000002a, RDX=0x0000000000339dd0
RSP=0x0000000007fcf1a0, RBP=0x0000000007fcf308, RSI=0x00000000bb8204c8, RDI=0x00000000bb73a3f8
R8 =0x0000000000339dd0, R9 =0x00000000000000db, R10=0x00000000026a219c, R11=0x0000000063a0a070
R12=0x0000000000000000, R13=0x00000000bb8793b8, R14=0x0000000007fcf338, R15=0x000000000745b800
RIP=0x00000000655a1b71, EFLAGS=0x0000000000010206

Top of Stack: (sp=0x0000000007fcf1a0)
0x0000000007fcf1a0:   0000000000000000 0000000007fcf1c0
0x0000000007fcf1b0:   0000000007fcf218 0000000002696038
0x0000000007fcf1c0:   00000000eb23cf60 00000000eb23af58
0x0000000007fcf1d0:   00000000ebc92280 0000000007fcf1d8
0x0000000007fcf1e0:   0000000000000000 0000000007fcf260
0x0000000007fcf1f0:   00000000bb813000 0000000000000000
0x0000000007fcf200:   00000000bb809320 0000000000000000
0x0000000007fcf210:   00000000655d2e90 00000000655d3748
0x0000000007fcf220:   0000000007fcf250 00000000655a1c31
0x0000000007fcf230:   0000000007fcf1a0 00000000eb23dc90
0x0000000007fcf240:   0000000000000001 00000000eb23dc90
0x0000000007fcf250:   0000000007fcf308 00000000655aad75
0x0000000007fcf260:   0000000000339dd0 0000000007fcf268
0x0000000007fcf270:   00000000bb730e65 0000000007fcf2c0
0x0000000007fcf280:   00000000bb8793b8 00000000026a21c9
0x0000000007fcf290:   00000000bb730e88 0000000000000000 

Instructions: (pc=0x00000000655a1b71)
0x00000000655a1b51:   00 00 00 48 89 84 24 80 00 00 00 48 89 94 24 88
0x00000000655a1b61:   00 00 00 e8 37 a8 02 00 48 8b 94 24 c0 00 00 00
0x00000000655a1b71:   48 8b 82 20 93 01 00 48 85 c0 75 10 eb 54 90 48
0x00000000655a1b81:   83 7c 24 20 00 74 4b 48 8b 44 24 20 48 8b 48 70 


Register to memory mapping:

RAX=0x0000000000000001 is an unknown value
RBX=0x0000000000339dd0 is an unknown value
RCX=0x000000000000002a is an unknown value
RDX=0x0000000000339dd0 is an unknown value
RSP=0x0000000007fcf1a0 is pointing into the stack for thread: 0x000000000745b800
RBP=0x0000000007fcf308 is pointing into the stack for thread: 0x000000000745b800
RSI=0x00000000bb8204c8 is an oop
{instance class} 
 - klass: {other class}
RDI=0x00000000bb73a3f8 is an oop
{instance class} 
 - klass: {other class}
R8 =0x0000000000339dd0 is an unknown value
R9 =0x00000000000000db is an unknown value
R10=0x00000000026a219c is an Interpreter codelet
method entry point (kind = native)  [0x00000000026a1f20, 0x00000000026a27a0]  2176 bytes
R11=0x0000000063a0a070 is an unknown value
R12=0x0000000000000000 is an unknown value
R13=0x00000000bb8793b8 is an oop
{method} 
 - klass: {other class}
R14=0x0000000007fcf338 is pointing into the stack for thread: 0x000000000745b800
R15=0x000000000745b800 is a thread


Stack: [0x0000000007ed0000,0x0000000007fd0000],  sp=0x0000000007fcf1a0,  free space=1020k
Native frames: (J=compiled Java code, j=interpreted, Vv=VM code, C=native code)
C  [gdx64.dll+0x21b71]
j  com.badlogic.gdx.physics.box2d.World.dispose()V+5
j  com.punchline.javalib.entities.EntityWorld.dispose()V+11
j  com.punchline.javalib.states.screens.GameplayScreen.dispose()V+4
j  com.punchline.javalib.BaseGame.setScreen(Lcom/badlogic/gdx/Screen;)V+15
j  com.punchline.microspace.screens.MicroGameplayScreen.onPaused()V+16
j  com.punchline.javalib.states.screens.GameplayScreen.pause()V+1
j  com.badlogic.gdx.Game.pause()V+11
j  com.badlogic.gdx.backends.lwjgl.LwjglApplication.mainLoop()V+128
j  com.badlogic.gdx.backends.lwjgl.LwjglApplication$1.run()V+27
v  ~StubRoutines::call_stub
V  [jvm.dll+0x1a4366]

Java frames: (J=compiled Java code, j=interpreted, Vv=VM code)
j  com.badlogic.gdx.physics.box2d.World.jniDispose(J)V+0
j  com.badlogic.gdx.physics.box2d.World.dispose()V+5
j  com.punchline.javalib.entities.EntityWorld.dispose()V+11
j  com.punchline.javalib.states.screens.GameplayScreen.dispose()V+4
j  com.punchline.javalib.BaseGame.setScreen(Lcom/badlogic/gdx/Screen;)V+15
j  com.punchline.microspace.screens.MicroGameplayScreen.onPaused()V+16
j  com.punchline.javalib.states.screens.GameplayScreen.pause()V+1
j  com.badlogic.gdx.Game.pause()V+11
j  com.badlogic.gdx.backends.lwjgl.LwjglApplication.mainLoop()V+128
j  com.badlogic.gdx.backends.lwjgl.LwjglApplication$1.run()V+27
v  ~StubRoutines::call_stub

---------------  P R O C E S S  ---------------

Java Threads: ( => current thread )
  0x000000000749b000 JavaThread "LWJGL Timer" daemon [_thread_blocked, id=8420, stack(0x000000000e130000,0x000000000e230000)]
  0x000000000231c000 JavaThread "DestroyJavaVM" [_thread_blocked, id=8440, stack(0x0000000002590000,0x0000000002690000)]
=>0x000000000745b800 JavaThread "LWJGL Application" [_thread_in_native, id=7592, stack(0x0000000007ed0000,0x0000000007fd0000)]
  0x00000000060ad800 JavaThread "Service Thread" daemon [_thread_blocked, id=9196, stack(0x0000000006c80000,0x0000000006d80000)]
  0x00000000060ac800 JavaThread "C2 CompilerThread1" daemon [_thread_blocked, id=8684, stack(0x0000000007040000,0x0000000007140000)]
  0x00000000060a6800 JavaThread "C2 CompilerThread0" daemon [_thread_blocked, id=7496, stack(0x0000000006ed0000,0x0000000006fd0000)]
  0x00000000060a0000 JavaThread "Attach Listener" daemon [_thread_blocked, id=7304, stack(0x0000000006da0000,0x0000000006ea0000)]
  0x000000000609a800 JavaThread "Signal Dispatcher" daemon [_thread_blocked, id=732, stack(0x0000000006b30000,0x0000000006c30000)]
  0x0000000002256000 JavaThread "Finalizer" daemon [_thread_blocked, id=788, stack(0x00000000067b0000,0x00000000068b0000)]
  0x000000000224a000 JavaThread "Reference Handler" daemon [_thread_blocked, id=1220, stack(0x00000000069a0000,0x0000000006aa0000)]

Other Threads:
  0x0000000002245800 VMThread [stack: 0x00000000066b0000,0x00000000067b0000] [id=6784]
  0x00000000060c6000 WatcherThread [stack: 0x00000000072b0000,0x00000000073b0000] [id=6152]

VM state:not at safepoint (normal execution)

VM Mutex/Monitor currently owned by a thread: None

Heap
 PSYoungGen      total 19072K, used 9150K [0x00000000eac00000, 0x00000000ec140000, 0x0000000100000000)
  eden space 16384K, 39% used [0x00000000eac00000,0x00000000eb251b40,0x00000000ebc00000)
  from space 2688K, 99% used [0x00000000ebc00000,0x00000000ebe9df38,0x00000000ebea0000)
  to   space 2688K, 0% used [0x00000000ebea0000,0x00000000ebea0000,0x00000000ec140000)
 PSOldGen        total 43520K, used 1211K [0x00000000c0400000, 0x00000000c2e80000, 0x00000000eac00000)
  object space 43520K, 2% used [0x00000000c0400000,0x00000000c052eeb0,0x00000000c2e80000)
 PSPermGen       total 21248K, used 6967K [0x00000000bb200000, 0x00000000bc6c0000, 0x00000000c0400000)
  object space 21248K, 32% used [0x00000000bb200000,0x00000000bb8cdc70,0x00000000bc6c0000)

Code Cache  [0x0000000002690000, 0x0000000002900000, 0x0000000005690000)
 total_blobs=638 nmethods=249 adapters=340 free_code_cache=48279Kb largest_free_block=49409152

Dynamic libraries:
0x000000013f560000 - 0x000000013f593000 	C:\Program Files\Java\jre7\bin\javaw.exe
0x0000000077820000 - 0x00000000779c9000 	C:\Windows\SYSTEM32\ntdll.dll
0x0000000077700000 - 0x000000007781f000 	C:\Windows\system32\kernel32.dll
0x000007fefd7c0000 - 0x000007fefd82b000 	C:\Windows\system32\KERNELBASE.dll
0x000007fefe420000 - 0x000007fefe4fb000 	C:\Windows\system32\ADVAPI32.dll
0x000007feff770000 - 0x000007feff80f000 	C:\Windows\system32\msvcrt.dll
0x000007fefda60000 - 0x000007fefda7f000 	C:\Windows\SYSTEM32\sechost.dll
0x000007fefe620000 - 0x000007fefe74d000 	C:\Windows\system32\RPCRT4.dll
0x0000000077600000 - 0x00000000776fa000 	C:\Windows\system32\USER32.dll
0x000007fefe2e0000 - 0x000007fefe347000 	C:\Windows\system32\GDI32.dll
0x000007fefe2d0000 - 0x000007fefe2de000 	C:\Windows\system32\LPK.dll
0x000007fefdfc0000 - 0x000007fefe089000 	C:\Windows\system32\USP10.dll
0x000007fefc1d0000 - 0x000007fefc3c4000 	C:\Windows\WinSxS\amd64_microsoft.windows.common-controls_6595b64144ccf1df_6.0.7601.17514_none_fa396087175ac9ac\COMCTL32.dll
0x000007fefda80000 - 0x000007fefdaf1000 	C:\Windows\system32\SHLWAPI.dll
0x000007fefda30000 - 0x000007fefda5e000 	C:\Windows\system32\IMM32.DLL
0x000007feffa20000 - 0x000007feffb29000 	C:\Windows\system32\MSCTF.dll
0x0000000070c90000 - 0x0000000070d61000 	C:\Program Files\Java\jre7\bin\msvcr100.dll
0x0000000063850000 - 0x0000000063f1d000 	C:\Program Files\Java\jre7\bin\server\jvm.dll
0x000007fefb230000 - 0x000007fefb239000 	C:\Windows\system32\WSOCK32.dll
0x000007fefe3b0000 - 0x000007fefe3fd000 	C:\Windows\system32\WS2_32.dll
0x000007fefe930000 - 0x000007fefe938000 	C:\Windows\system32\NSI.dll
0x000007fefb8e0000 - 0x000007fefb91b000 	C:\Windows\system32\WINMM.dll
0x00000000779e0000 - 0x00000000779e7000 	C:\Windows\system32\PSAPI.DLL
0x00000000740e0000 - 0x00000000740ef000 	C:\Program Files\Java\jre7\bin\verify.dll
0x0000000071dd0000 - 0x0000000071df8000 	C:\Program Files\Java\jre7\bin\java.dll
0x00000000729d0000 - 0x00000000729e5000 	C:\Program Files\Java\jre7\bin\zip.dll
0x0000000065580000 - 0x0000000065610000 	C:\Users\Nathaniel\AppData\Local\Temp\libgdxNathaniel\3483125498\gdx64.dll
0x0000000180000000 - 0x0000000180050000 	C:\Users\Nathaniel\AppData\Local\Temp\libgdxNathaniel\1284024257\lwjgl64.dll
0x000007fee8830000 - 0x000007fee894d000 	C:\Windows\system32\OPENGL32.dll
0x000007fef41c0000 - 0x000007fef41ed000 	C:\Windows\system32\GLU32.dll
0x000007fef1610000 - 0x000007fef1701000 	C:\Windows\system32\DDRAW.dll
0x000007fefb9e0000 - 0x000007fefb9e8000 	C:\Windows\system32\DCIMAN32.dll
0x000007fefe750000 - 0x000007fefe927000 	C:\Windows\system32\SETUPAPI.dll
0x000007fefd9e0000 - 0x000007fefda16000 	C:\Windows\system32\CFGMGR32.dll
0x000007fefe090000 - 0x000007fefe167000 	C:\Windows\system32\OLEAUT32.dll
0x000007feff810000 - 0x000007feffa13000 	C:\Windows\system32\ole32.dll
0x000007fefd9c0000 - 0x000007fefd9da000 	C:\Windows\system32\DEVOBJ.dll
0x000007fefb720000 - 0x000007fefb738000 	C:\Windows\system32\dwmapi.dll
0x000007fefc6f0000 - 0x000007fefc6fc000 	C:\Windows\system32\VERSION.dll
0x0000000002260000 - 0x00000000022c4000 	C:\Users\NATHAN~1\AppData\Local\Temp\libgdxNathaniel\1284024257\OpenAL64.dll
0x000007fefe940000 - 0x000007feff6c8000 	C:\Windows\system32\SHELL32.dll
0x000007fefd530000 - 0x000007fefd53f000 	C:\Windows\system32\CRYPTBASE.dll
0x000007fefbff0000 - 0x000007fefc046000 	C:\Windows\system32\uxtheme.dll
0x000007feeef40000 - 0x000007feeefbf000 	C:\Program Files\Common Files\microsoft shared\ink\tiptsf.dll
0x000007feff6d0000 - 0x000007feff769000 	C:\Windows\system32\CLBCatQ.DLL
0x000007fefc050000 - 0x000007fefc17c000 	C:\Windows\System32\PROPSYS.dll
0x000007fefd6c0000 - 0x000007fefd6f9000 	C:\Windows\system32\WINTRUST.dll
0x000007fefd830000 - 0x000007fefd99a000 	C:\Windows\system32\CRYPT32.dll
0x000007fefd6a0000 - 0x000007fefd6af000 	C:\Windows\system32\MSASN1.dll
0x000007fefb920000 - 0x000007fefb9a8000 	C:\Windows\system32\dsound.dll
0x000007fefc6c0000 - 0x000007fefc6ec000 	C:\Windows\system32\POWRPROF.dll
0x000007fefbb30000 - 0x000007fefbb7b000 	C:\Windows\System32\MMDevApi.dll
0x000007fefb150000 - 0x000007fefb19f000 	C:\Windows\system32\AUDIOSES.DLL
0x000007fefb030000 - 0x000007fefb039000 	C:\Windows\system32\atig6pxx.dll
0x0000000052bf0000 - 0x00000000542d3000 	C:\Windows\system32\atio6axx.dll
0x000007fefad40000 - 0x000007fefade6000 	C:\Windows\system32\atiadlxx.dll
0x000007fefc900000 - 0x000007fefc91e000 	C:\Windows\system32\USERENV.dll
0x000007fefd600000 - 0x000007fefd60f000 	C:\Windows\system32\profapi.dll
0x000007fefc7c0000 - 0x000007fefc7d1000 	C:\Windows\system32\WTSAPI32.dll
0x000007fefad10000 - 0x000007fefad37000 	C:\Windows\system32\IPHLPAPI.DLL
0x000007fefad00000 - 0x000007fefad0b000 	C:\Windows\system32\WINNSI.DLL
0x000007fef3380000 - 0x000007fef349e000 	C:\Windows\system32\aticfx64.dll
0x000007fef6750000 - 0x000007fef675e000 	C:\Windows\system32\atig6txx.dll
0x000007fefa5b0000 - 0x000007fefa604000 	C:\Windows\system32\oleacc.dll
0x000007fef09a0000 - 0x000007fef0a3c000 	C:\Windows\system32\mscms.dll
0x000007fef1a90000 - 0x000007fef1ad2000 	C:\Windows\system32\icm32.dll
0x000007fefce90000 - 0x000007fefcea7000 	C:\Windows\system32\CRYPTSP.dll
0x000007fefcb90000 - 0x000007fefcbd7000 	C:\Windows\system32\rsaenh.dll
0x000007fefd5e0000 - 0x000007fefd5f4000 	C:\Windows\system32\RpcRtRemote.dll

VM Arguments:
jvm_args: -Dfile.encoding=Cp1252 
java_command: com.punchline.microspace.Main
Launcher Type: SUN_STANDARD

Environment Variables:
JAVA_HOME=C:\Program Files (x86)\Java\jdk1.7.0_06\bin
PATH=C:\Program Files (x86)\AMD APP\bin\x86_64;C:\Program Files (x86)\AMD APP\bin\x86;C:\Program Files (x86)\NVIDIA Corporation\PhysX\Common;C:\Program Files\Common Files\Microsoft Shared\Windows Live;C:\Program Files (x86)\Common Files\Microsoft Shared\Windows Live;C:\Windows\system32;C:\Windows;C:\Windows\System32\Wbem;C:\Windows\System32\WindowsPowerShell\v1.0\;c:\Program Files (x86)\Common Files\Roxio Shared\DLLShared\;c:\Program Files (x86)\Common Files\Roxio Shared\DLLShared\;c:\Program Files (x86)\Common Files\Roxio Shared\12.0\DLLShared\;C:\Program Files (x86)\Windows Live\Shared;PROGRAMFILES\Internet Explorer;C:\Program Files (x86)\ATI Technologies\ATI.ACE\Core-Static;c:\Program Files\Microsoft SQL Server\110\Tools\Binn\;c:\Program Files (x86)\Microsoft SQL Server\110\Tools\Binn\;c:\Program Files\Microsoft SQL Server\110\DTS\Binn\;c:\Program Files (x86)\Microsoft SQL Server\110\Tools\Binn\ManagementStudio\;c:\Program Files (x86)\Microsoft SQL Server\110\DTS\Binn\;C:\Program Files\TortoiseGit\bin;C:\Program Files\TortoiseSVN\bin;;C:\Motion-Twin\Haxe\;C:\Motion-Twin\neko
USERNAME=Nathaniel
OS=Windows_NT
PROCESSOR_IDENTIFIER=Intel64 Family 6 Model 42 Stepping 7, GenuineIntel



---------------  S Y S T E M  ---------------

OS: Windows 7 , 64 bit Build 7601 Service Pack 1

CPU:total 4 (4 cores per cpu, 1 threads per core) family 6 model 42 stepping 7, cmov, cx8, fxsr, mmx, sse, sse2, sse3, ssse3, sse4.1, sse4.2, popcnt

Memory: 4k page, physical 4176428k(1491876k free), swap 8350996k(3634476k free)

vm_info: Java HotSpot(TM) 64-Bit Server VM (21.1-b02) for windows-amd64 JRE (1.7.0_01-b08), built on Oct  3 2011 01:39:25 by "java_re" with unknown MS VC++:1600

time: Wed Jul 24 16:46:24 2013
elapsed time: 47 seconds

