#
# A fatal error has been detected by the Java Runtime Environment:
#
#  EXCEPTION_ACCESS_VIOLATION (0xc0000005) at pc=0x000000006559f73d, pid=7436, tid=8352
#
# JRE version: 7.0_01-b08
# Java VM: Java HotSpot(TM) 64-Bit Server VM (21.1-b02 mixed mode windows-amd64 compressed oops)
# Problematic frame:
# C  [gdx64.dll+0x1f73d]
#
# Failed to write core dump. Minidumps are not enabled by default on client versions of Windows
#
# If you would like to submit a bug report, please visit:
#   http://bugreport.sun.com/bugreport/crash.jsp
# The crash happened outside the Java Virtual Machine in native code.
# See problematic frame for where to report the bug.
#

---------------  T H R E A D  ---------------

Current thread (0x000000000632d000):  JavaThread "LWJGL Application" [_thread_in_native, id=8352, stack(0x0000000009140000,0x0000000009240000)]

siginfo: ExceptionCode=0xc0000005, reading address 0xffffffffffffffff

Registers:
RAX=0x0000000000000001, RBX=0x422000003f0c0000, RCX=0x00000000001649e0, RDX=0x000160b600000000
RSP=0x000000000923f1c0, RBP=0x0000000000000002, RSI=0x00000000001649e0, RDI=0x00000000001649e0
R8 =0x00015011ff4c2d5b, R9 =0x000000000923f220, R10=0x0000000002418a35, R11=0x0000000063a0a070
R12=0x0000000000000000, R13=0x00000000bb88aa80, R14=0x000000000923f458, R15=0x000000000632d000
RIP=0x000000006559f73d, EFLAGS=0x0000000000010206

Top of Stack: (sp=0x000000000923f1c0)
0x000000000923f1c0:   000000000a13ee40 000000000923f249
0x000000000923f1d0:   000000000a247590 0000000000000001
0x000000000923f1e0:   0000000000000000 0000000000000000
0x000000000923f1f0:   000000003be44445 0000000000000000
0x000000000923f200:   000000000a208100 000000000014b740
0x000000000923f210:   0000000000000006 00000000001649e0
0x000000000923f220:   0000000000000002 0000000000000000
0x000000000923f230:   00000000bb88aa80 000000000923f458
0x000000000923f240:   000000000632d000 00000000655a4540
0x000000000923f250:   3f80000000000000 0000000000000001
0x000000000923f260:   0000000000000000 3f80000000000000
0x000000000923f270:   426fffff3c888889 000000063be44445
0x000000000923f280:   0000000000000002 0000000000000000
0x000000000923f290:   42658641195da000 000000000a208138
0x000000000923f2a0:   42658641195da000 0000000054008943
0x000000000923f2b0:   000000003c888889 0000000000000000 

Instructions: (pc=0x000000006559f73d)
0x000000006559f71d:   48 8b 59 58 48 85 db 0f 84 44 01 00 00 0f 57 f6
0x000000006559f72d:   eb 0e 90 48 8b 5b 18 48 85 db 0f 84 31 01 00 00
0x000000006559f73d:   f6 43 08 08 48 8b 7b 60 48 8b 6b 68 44 8b 7b 70
0x000000006559f74d:   44 8b 73 74 4c 8b 67 10 4c 8b 6d 10 0f 85 31 01 


Register to memory mapping:

RAX=0x0000000000000001 is an unknown value
RBX=0x422000003f0c0000 is an unknown value
RCX=0x00000000001649e0 is an unknown value
RDX=0x000160b600000000 is an unknown value
RSP=0x000000000923f1c0 is pointing into the stack for thread: 0x000000000632d000
RBP=0x0000000000000002 is an unknown value
RSI=0x00000000001649e0 is an unknown value
RDI=0x00000000001649e0 is an unknown value
R8 =0x00015011ff4c2d5b is an unknown value
R9 =0x000000000923f220 is pointing into the stack for thread: 0x000000000632d000
R10=0x0000000002418a35 is an Interpreter codelet
method entry point (kind = native)  [0x0000000002418540, 0x0000000002419400]  3776 bytes
R11=0x0000000063a0a070 is an unknown value
R12=0x0000000000000000 is an unknown value
R13=0x00000000bb88aa80 is an oop
{method} 
 - klass: {other class}
R14=0x000000000923f458 is pointing into the stack for thread: 0x000000000632d000
R15=0x000000000632d000 is a thread


Stack: [0x0000000009140000,0x0000000009240000],  sp=0x000000000923f1c0,  free space=1020k
Native frames: (J=compiled Java code, j=interpreted, Vv=VM code, C=native code)
C  [gdx64.dll+0x1f73d]

Java frames: (J=compiled Java code, j=interpreted, Vv=VM code)
j  com.badlogic.gdx.physics.box2d.World.jniStep(JFII)V+0
j  com.badlogic.gdx.physics.box2d.World.step(FII)V+8
j  com.punchline.javalib.entities.EntityWorld.process()V+52
j  com.punchline.microspace.entities.SpaceWorld.process()V+1
j  com.punchline.javalib.states.screens.GameplayScreen.render(F)V+4
j  com.badlogic.gdx.Game.render()V+19
j  com.punchline.javalib.BaseGame.render()V+33
j  com.badlogic.gdx.backends.lwjgl.LwjglApplication.mainLoop()V+596
j  com.badlogic.gdx.backends.lwjgl.LwjglApplication$1.run()V+27
v  ~StubRoutines::call_stub

---------------  P R O C E S S  ---------------

Java Threads: ( => current thread )
  0x0000000007fe1000 JavaThread "LWJGL Timer" daemon [_thread_blocked, id=1532, stack(0x000000000e2c0000,0x000000000e3c0000)]
  0x000000000218d800 JavaThread "DestroyJavaVM" [_thread_blocked, id=8748, stack(0x00000000021d0000,0x00000000022d0000)]
=>0x000000000632d000 JavaThread "LWJGL Application" [_thread_in_native, id=8352, stack(0x0000000009140000,0x0000000009240000)]
  0x000000000629a000 JavaThread "Service Thread" daemon [_thread_blocked, id=7368, stack(0x0000000007bc0000,0x0000000007cc0000)]
  0x0000000006297000 JavaThread "C2 CompilerThread1" daemon [_thread_blocked, id=7688, stack(0x0000000007720000,0x0000000007820000)]
  0x0000000006295800 JavaThread "C2 CompilerThread0" daemon [_thread_blocked, id=3960, stack(0x0000000007a20000,0x0000000007b20000)]
  0x0000000006285000 JavaThread "JDWP Command Reader" daemon [_thread_in_native, id=4208, stack(0x0000000007820000,0x0000000007920000)]
  0x0000000006284000 JavaThread "JDWP Event Helper Thread" daemon [_thread_blocked, id=8456, stack(0x0000000007300000,0x0000000007400000)]
  0x000000000627c800 JavaThread "JDWP Transport Listener: dt_socket" daemon [_thread_blocked, id=4184, stack(0x0000000007580000,0x0000000007680000)]
  0x0000000006270800 JavaThread "Attach Listener" daemon [_thread_blocked, id=676, stack(0x00000000065b0000,0x00000000066b0000)]
  0x000000000626b000 JavaThread "Signal Dispatcher" daemon [_thread_blocked, id=7280, stack(0x0000000006b30000,0x0000000006c30000)]
  0x0000000002146800 JavaThread "Finalizer" daemon [_thread_blocked, id=5268, stack(0x00000000067e0000,0x00000000068e0000)]
  0x000000000213d800 JavaThread "Reference Handler" daemon [_thread_blocked, id=8152, stack(0x00000000068f0000,0x00000000069f0000)]

Other Threads:
  0x0000000002136000 VMThread [stack: 0x00000000066d0000,0x00000000067d0000] [id=6164]
  0x00000000062b8800 WatcherThread [stack: 0x0000000007d30000,0x0000000007e30000] [id=7932]

VM state:not at safepoint (normal execution)

VM Mutex/Monitor currently owned by a thread: None

Heap
 PSYoungGen      total 19072K, used 5742K [0x00000000eac00000, 0x00000000ec140000, 0x0000000100000000)
  eden space 16384K, 18% used [0x00000000eac00000,0x00000000eaf07ef8,0x00000000ebc00000)
  from space 2688K, 98% used [0x00000000ebea0000,0x00000000ec133c58,0x00000000ec140000)
  to   space 2688K, 0% used [0x00000000ebc00000,0x00000000ebc00000,0x00000000ebea0000)
 PSOldGen        total 43520K, used 1218K [0x00000000c0400000, 0x00000000c2e80000, 0x00000000eac00000)
  object space 43520K, 2% used [0x00000000c0400000,0x00000000c0530bf0,0x00000000c2e80000)
 PSPermGen       total 21248K, used 7183K [0x00000000bb200000, 0x00000000bc6c0000, 0x00000000c0400000)
  object space 21248K, 33% used [0x00000000bb200000,0x00000000bb903fa0,0x00000000bc6c0000)

Code Cache  [0x0000000002400000, 0x0000000002670000, 0x0000000005400000)
 total_blobs=657 nmethods=273 adapters=343 free_code_cache=48159Kb largest_free_block=49273152

Dynamic libraries:
0x000000013f3f0000 - 0x000000013f423000 	C:\Program Files\Java\jre7\bin\javaw.exe
0x0000000077820000 - 0x00000000779c9000 	C:\Windows\SYSTEM32\ntdll.dll
0x0000000077700000 - 0x000000007781f000 	C:\Windows\system32\kernel32.dll
0x000007fefd7c0000 - 0x000007fefd82b000 	C:\Windows\system32\KERNELBASE.dll
0x000007fefe420000 - 0x000007fefe4fb000 	C:\Windows\system32\ADVAPI32.dll
0x000007feff770000 - 0x000007feff80f000 	C:\Windows\system32\msvcrt.dll
0x000007fefda60000 - 0x000007fefda7f000 	C:\Windows\SYSTEM32\sechost.dll
0x000007fefe620000 - 0x000007fefe74d000 	C:\Windows\system32\RPCRT4.dll
0x0000000077600000 - 0x00000000776fa000 	C:\Windows\system32\USER32.dll
0x000007fefe2e0000 - 0x000007fefe347000 	C:\Windows\system32\GDI32.dll
0x000007fefe2d0000 - 0x000007fefe2de000 	C:\Windows\system32\LPK.dll
0x000007fefdfc0000 - 0x000007fefe089000 	C:\Windows\system32\USP10.dll
0x000007fefc1d0000 - 0x000007fefc3c4000 	C:\Windows\WinSxS\amd64_microsoft.windows.common-controls_6595b64144ccf1df_6.0.7601.17514_none_fa396087175ac9ac\COMCTL32.dll
0x000007fefda80000 - 0x000007fefdaf1000 	C:\Windows\system32\SHLWAPI.dll
0x000007fefda30000 - 0x000007fefda5e000 	C:\Windows\system32\IMM32.DLL
0x000007feffa20000 - 0x000007feffb29000 	C:\Windows\system32\MSCTF.dll
0x0000000070c90000 - 0x0000000070d61000 	C:\Program Files\Java\jre7\bin\msvcr100.dll
0x0000000063850000 - 0x0000000063f1d000 	C:\Program Files\Java\jre7\bin\server\jvm.dll
0x000007fefb230000 - 0x000007fefb239000 	C:\Windows\system32\WSOCK32.dll
0x000007fefe3b0000 - 0x000007fefe3fd000 	C:\Windows\system32\WS2_32.dll
0x000007fefe930000 - 0x000007fefe938000 	C:\Windows\system32\NSI.dll
0x000007fefb8e0000 - 0x000007fefb91b000 	C:\Windows\system32\WINMM.dll
0x00000000779e0000 - 0x00000000779e7000 	C:\Windows\system32\PSAPI.DLL
0x00000000740e0000 - 0x00000000740ef000 	C:\Program Files\Java\jre7\bin\verify.dll
0x0000000071dd0000 - 0x0000000071df8000 	C:\Program Files\Java\jre7\bin\java.dll
0x0000000071d30000 - 0x0000000071d65000 	C:\Program Files\Java\jre7\bin\jdwp.dll
0x00000000740d0000 - 0x00000000740d8000 	C:\Program Files\Java\jre7\bin\npt.dll
0x00000000729d0000 - 0x00000000729e5000 	C:\Program Files\Java\jre7\bin\zip.dll
0x0000000074fd0000 - 0x0000000074fd9000 	C:\Program Files\Java\jre7\bin\dt_socket.dll
0x000007fefaf20000 - 0x000007fefaf35000 	C:\Windows\system32\NLAapi.dll
0x000007fef3570000 - 0x000007fef3585000 	C:\Windows\system32\napinsp.dll
0x000007fef3550000 - 0x000007fef3569000 	C:\Windows\system32\pnrpnsp.dll
0x000007fef3520000 - 0x000007fef354e000 	C:\Program Files\Common Files\Microsoft Shared\Windows Live\WLIDNSP.DLL
0x000007fefce30000 - 0x000007fefce85000 	C:\Windows\System32\mswsock.dll
0x000007fefccb0000 - 0x000007fefcd0b000 	C:\Windows\system32\DNSAPI.dll
0x000007fef3510000 - 0x000007fef351b000 	C:\Windows\System32\winrnr.dll
0x0000000072a00000 - 0x0000000072a26000 	C:\Program Files\Bonjour\mdnsNSP.dll
0x000007fefad10000 - 0x000007fefad37000 	C:\Windows\system32\Iphlpapi.DLL
0x000007fefad00000 - 0x000007fefad0b000 	C:\Windows\system32\WINNSI.DLL
0x000007fefab90000 - 0x000007fefabe3000 	C:\Windows\System32\fwpuclnt.dll
0x000007fef3500000 - 0x000007fef3508000 	C:\Windows\system32\rasadhlp.dll
0x000007fefc7e0000 - 0x000007fefc7e7000 	C:\Windows\System32\wshtcpip.dll
0x0000000065580000 - 0x0000000065610000 	C:\Users\Nathaniel\AppData\Local\Temp\libgdxNathaniel\3483125498\gdx64.dll
0x0000000180000000 - 0x0000000180050000 	C:\Users\Nathaniel\AppData\Local\Temp\libgdxNathaniel\1284024257\lwjgl64.dll
0x000007fef0de0000 - 0x000007fef0efd000 	C:\Windows\system32\OPENGL32.dll
0x000007fef41c0000 - 0x000007fef41ed000 	C:\Windows\system32\GLU32.dll
0x000007fef1610000 - 0x000007fef1701000 	C:\Windows\system32\DDRAW.dll
0x000007fefb9e0000 - 0x000007fefb9e8000 	C:\Windows\system32\DCIMAN32.dll
0x000007fefe750000 - 0x000007fefe927000 	C:\Windows\system32\SETUPAPI.dll
0x000007fefd9e0000 - 0x000007fefda16000 	C:\Windows\system32\CFGMGR32.dll
0x000007fefe090000 - 0x000007fefe167000 	C:\Windows\system32\OLEAUT32.dll
0x000007feff810000 - 0x000007feffa13000 	C:\Windows\system32\ole32.dll
0x000007fefd9c0000 - 0x000007fefd9da000 	C:\Windows\system32\DEVOBJ.dll
0x000007fefb720000 - 0x000007fefb738000 	C:\Windows\system32\dwmapi.dll
0x000007fefc6f0000 - 0x000007fefc6fc000 	C:\Windows\system32\VERSION.dll
0x0000000005cf0000 - 0x0000000005d54000 	C:\Users\NATHAN~1\AppData\Local\Temp\libgdxNathaniel\1284024257\OpenAL64.dll
0x000007fefe940000 - 0x000007feff6c8000 	C:\Windows\system32\SHELL32.dll
0x000007fefd530000 - 0x000007fefd53f000 	C:\Windows\system32\CRYPTBASE.dll
0x000007fefbff0000 - 0x000007fefc046000 	C:\Windows\system32\uxtheme.dll
0x000007feeef40000 - 0x000007feeefbf000 	C:\Program Files\Common Files\microsoft shared\ink\tiptsf.dll
0x000007feff6d0000 - 0x000007feff769000 	C:\Windows\system32\CLBCatQ.DLL
0x000007fefc050000 - 0x000007fefc17c000 	C:\Windows\System32\PROPSYS.dll
0x000007fefd6c0000 - 0x000007fefd6f9000 	C:\Windows\system32\WINTRUST.dll
0x000007fefd830000 - 0x000007fefd99a000 	C:\Windows\system32\CRYPT32.dll
0x000007fefd6a0000 - 0x000007fefd6af000 	C:\Windows\system32\MSASN1.dll
0x000007fefb920000 - 0x000007fefb9a8000 	C:\Windows\system32\dsound.dll
0x000007fefc6c0000 - 0x000007fefc6ec000 	C:\Windows\system32\POWRPROF.dll
0x000007fefbb30000 - 0x000007fefbb7b000 	C:\Windows\System32\MMDevApi.dll
0x000007fefb150000 - 0x000007fefb19f000 	C:\Windows\system32\AUDIOSES.DLL
0x000007fefb040000 - 0x000007fefb049000 	C:\Windows\system32\atig6pxx.dll
0x0000000053570000 - 0x0000000054c53000 	C:\Windows\system32\atio6axx.dll
0x000007fefad40000 - 0x000007fefade6000 	C:\Windows\system32\atiadlxx.dll
0x000007fefc900000 - 0x000007fefc91e000 	C:\Windows\system32\USERENV.dll
0x000007fefd600000 - 0x000007fefd60f000 	C:\Windows\system32\profapi.dll
0x000007fefc7c0000 - 0x000007fefc7d1000 	C:\Windows\system32\WTSAPI32.dll
0x000007fef3380000 - 0x000007fef349e000 	C:\Windows\system32\aticfx64.dll
0x000007fefb030000 - 0x000007fefb03e000 	C:\Windows\system32\atig6txx.dll
0x000007fefa5b0000 - 0x000007fefa604000 	C:\Windows\system32\oleacc.dll
0x000007fef09a0000 - 0x000007fef0a3c000 	C:\Windows\system32\mscms.dll
0x000007fef1a90000 - 0x000007fef1ad2000 	C:\Windows\system32\icm32.dll
0x000007fefce90000 - 0x000007fefcea7000 	C:\Windows\system32\CRYPTSP.dll
0x000007fefcb90000 - 0x000007fefcbd7000 	C:\Windows\system32\rsaenh.dll
0x000007fefd5e0000 - 0x000007fefd5f4000 	C:\Windows\system32\RpcRtRemote.dll

VM Arguments:
jvm_args: -agentlib:jdwp=transport=dt_socket,suspend=y,address=localhost:61371 -Dfile.encoding=Cp1252 
java_command: com.punchline.microspace.Main
Launcher Type: SUN_STANDARD

Environment Variables:
JAVA_HOME=C:\Program Files (x86)\Java\jdk1.7.0_06\bin
PATH=C:\Program Files (x86)\AMD APP\bin\x86_64;C:\Program Files (x86)\AMD APP\bin\x86;C:\Program Files (x86)\NVIDIA Corporation\PhysX\Common;C:\Program Files\Common Files\Microsoft Shared\Windows Live;C:\Program Files (x86)\Common Files\Microsoft Shared\Windows Live;C:\Windows\system32;C:\Windows;C:\Windows\System32\Wbem;C:\Windows\System32\WindowsPowerShell\v1.0\;c:\Program Files (x86)\Common Files\Roxio Shared\DLLShared\;c:\Program Files (x86)\Common Files\Roxio Shared\DLLShared\;c:\Program Files (x86)\Common Files\Roxio Shared\12.0\DLLShared\;C:\Program Files (x86)\Windows Live\Shared;PROGRAMFILES\Internet Explorer;C:\Program Files (x86)\ATI Technologies\ATI.ACE\Core-Static;c:\Program Files\Microsoft SQL Server\110\Tools\Binn\;c:\Program Files (x86)\Microsoft SQL Server\110\Tools\Binn\;c:\Program Files\Microsoft SQL Server\110\DTS\Binn\;c:\Program Files (x86)\Microsoft SQL Server\110\Tools\Binn\ManagementStudio\;c:\Program Files (x86)\Microsoft SQL Server\110\DTS\Binn\;C:\Program Files\TortoiseGit\bin;C:\Program Files\TortoiseSVN\bin;;C:\Motion-Twin\Haxe\;C:\Motion-Twin\neko
USERNAME=Nathaniel
OS=Windows_NT
PROCESSOR_IDENTIFIER=Intel64 Family 6 Model 42 Stepping 7, GenuineIntel



---------------  S Y S T E M  ---------------

OS: Windows 7 , 64 bit Build 7601 Service Pack 1

CPU:total 4 (4 cores per cpu, 1 threads per core) family 6 model 42 stepping 7, cmov, cx8, fxsr, mmx, sse, sse2, sse3, ssse3, sse4.1, sse4.2, popcnt

Memory: 4k page, physical 4176428k(1447816k free), swap 8350996k(3479136k free)

vm_info: Java HotSpot(TM) 64-Bit Server VM (21.1-b02) for windows-amd64 JRE (1.7.0_01-b08), built on Oct  3 2011 01:39:25 by "java_re" with unknown MS VC++:1600

time: Wed Jul 24 17:38:13 2013
elapsed time: 73 seconds

