#
# A fatal error has been detected by the Java Runtime Environment:
#
#  EXCEPTION_ACCESS_VIOLATION (0xc0000005) at pc=0x00000000655a1b71, pid=8108, tid=7568
#
# JRE version: 7.0_01-b08
# Java VM: Java HotSpot(TM) 64-Bit Server VM (21.1-b02 mixed mode windows-amd64 compressed oops)
# Problematic frame:
# C  [gdx64.dll+0x21b71]
#
# Failed to write core dump. Minidumps are not enabled by default on client versions of Windows
#
# If you would like to submit a bug report, please visit:
#   http://bugreport.sun.com/bugreport/crash.jsp
# The crash happened outside the Java Virtual Machine in native code.
# See problematic frame for where to report the bug.
#

---------------  T H R E A D  ---------------

Current thread (0x0000000008117800):  JavaThread "LWJGL Application" [_thread_in_native, id=7568, stack(0x0000000009310000,0x0000000009410000)]

siginfo: ExceptionCode=0xc0000005, reading address 0x00000000003c4a60

Registers:
RAX=0x0000000000000001, RBX=0x00000000003ab740, RCX=0x000000000000002d, RDX=0x00000000003ab740
RSP=0x000000000940ef70, RBP=0x000000000940f0e0, RSI=0x0000000000000000, RDI=0x0000000000000000
R8 =0x00000000003ab740, R9 =0x0000000002115140, R10=0x00000000023e8a35, R11=0x00000000641aa070
R12=0x0000000000000000, R13=0x00000000bb9d6ac8, R14=0x000000000940f110, R15=0x0000000008117800
RIP=0x00000000655a1b71, EFLAGS=0x0000000000010206

Top of Stack: (sp=0x000000000940ef70)
0x000000000940ef70:   0000000006009ab8 0000000008117800
0x000000000940ef80:   0000000006009ac8 000000006409d601
0x000000000940ef90:   0000000008117800 0000000008117800
0x000000000940efa0:   0000000006009ad0 0000000000000000
0x000000000940efb0:   0000000000000000 000000006406e9ae
0x000000000940efc0:   0000000006009ac8 0000000006009aa0
0x000000000940efd0:   00008bb7afa82d3c 000000006404d2bf
0x000000000940efe0:   00000000655d3070 00000000655d3928
0x000000000940eff0:   000000000940f020 00000000655a1c31
0x000000000940f000:   000000000940ef70 0000000064065a70
0x000000000940f010:   00000000644c5248 0000000002115140
0x000000000940f020:   000000000940f0e0 00000000655aae75
0x000000000940f030:   00000000003ab740 00000000023f9103
0x000000000940f040:   00000000023d5350 00000000640a1e10
0x000000000940f050:   00000000bb9d6ac8 00000000023e8a62
0x000000000940f060:   000000000940f100 0000000064065c8e 

Instructions: (pc=0x00000000655a1b71)
0x00000000655a1b51:   00 00 00 48 89 84 24 80 00 00 00 48 89 94 24 88
0x00000000655a1b61:   00 00 00 e8 17 aa 02 00 48 8b 94 24 c0 00 00 00
0x00000000655a1b71:   48 8b 82 20 93 01 00 48 85 c0 75 10 eb 54 90 48
0x00000000655a1b81:   83 7c 24 20 00 74 4b 48 8b 44 24 20 48 8b 48 70 


Register to memory mapping:

RAX=0x0000000000000001 is an unknown value
RBX=0x00000000003ab740 is an unknown value
RCX=0x000000000000002d is an unknown value
RDX=0x00000000003ab740 is an unknown value
RSP=0x000000000940ef70 is pointing into the stack for thread: 0x0000000008117800
RBP=0x000000000940f0e0 is pointing into the stack for thread: 0x0000000008117800
RSI=0x0000000000000000 is an unknown value
RDI=0x0000000000000000 is an unknown value
R8 =0x00000000003ab740 is an unknown value
R9 =0x0000000002115140 is an unknown value
R10=0x00000000023e8a35 is an Interpreter codelet
method entry point (kind = native)  [0x00000000023e8540, 0x00000000023e9400]  3776 bytes
R11=0x00000000641aa070 is an unknown value
R12=0x0000000000000000 is an unknown value
R13=0x00000000bb9d6ac8 is an oop
{method} 
 - klass: {other class}
R14=0x000000000940f110 is pointing into the stack for thread: 0x0000000008117800
R15=0x0000000008117800 is a thread


Stack: [0x0000000009310000,0x0000000009410000],  sp=0x000000000940ef70,  free space=1019k
Native frames: (J=compiled Java code, j=interpreted, Vv=VM code, C=native code)
C  [gdx64.dll+0x21b71]
j  com.badlogic.gdx.physics.box2d.World.dispose()V+5
j  com.punchline.javalib.entities.EntityWorld.dispose()V+11
j  com.punchline.microspace.Worlds.dispose()V+21
j  com.punchline.microspace.screens.MainMenuScreen.onQuitPressed()V+0
j  com.punchline.microspace.screens.MainMenuScreen.access$2(Lcom/punchline/microspace/screens/MainMenuScreen;)V+1
j  com.punchline.microspace.screens.MainMenuScreen$3.touchUp(Lcom/badlogic/gdx/scenes/scene2d/InputEvent;FFII)V+15
j  com.badlogic.gdx.scenes.scene2d.InputListener.handle(Lcom/badlogic/gdx/scenes/scene2d/Event;)Z+196
j  com.badlogic.gdx.scenes.scene2d.Stage.touchUp(IIII)Z+214
j  com.badlogic.gdx.backends.lwjgl.LwjglInput.processEvents()V+283
j  com.badlogic.gdx.backends.lwjgl.LwjglApplication.mainLoop()V+635
j  com.badlogic.gdx.backends.lwjgl.LwjglApplication$1.run()V+27
v  ~StubRoutines::call_stub
V  [jvm.dll+0x1a4366]

Java frames: (J=compiled Java code, j=interpreted, Vv=VM code)
j  com.badlogic.gdx.physics.box2d.World.jniDispose(J)V+0
j  com.badlogic.gdx.physics.box2d.World.dispose()V+5
j  com.punchline.javalib.entities.EntityWorld.dispose()V+11
j  com.punchline.microspace.Worlds.dispose()V+21
j  com.punchline.microspace.screens.MainMenuScreen.onQuitPressed()V+0
j  com.punchline.microspace.screens.MainMenuScreen.access$2(Lcom/punchline/microspace/screens/MainMenuScreen;)V+1
j  com.punchline.microspace.screens.MainMenuScreen$3.touchUp(Lcom/badlogic/gdx/scenes/scene2d/InputEvent;FFII)V+15
j  com.badlogic.gdx.scenes.scene2d.InputListener.handle(Lcom/badlogic/gdx/scenes/scene2d/Event;)Z+196
j  com.badlogic.gdx.scenes.scene2d.Stage.touchUp(IIII)Z+214
j  com.badlogic.gdx.backends.lwjgl.LwjglInput.processEvents()V+283
j  com.badlogic.gdx.backends.lwjgl.LwjglApplication.mainLoop()V+635
j  com.badlogic.gdx.backends.lwjgl.LwjglApplication$1.run()V+27
v  ~StubRoutines::call_stub

---------------  P R O C E S S  ---------------

Java Threads: ( => current thread )
  0x0000000008130800 JavaThread "LWJGL Timer" daemon [_thread_blocked, id=9180, stack(0x000000000eb30000,0x000000000ec30000)]
  0x00000000021cd800 JavaThread "DestroyJavaVM" [_thread_blocked, id=7404, stack(0x00000000022d0000,0x00000000023d0000)]
=>0x0000000008117800 JavaThread "LWJGL Application" [_thread_in_native, id=7568, stack(0x0000000009310000,0x0000000009410000)]
  0x0000000006006000 JavaThread "Service Thread" daemon [_thread_blocked, id=8592, stack(0x0000000007e10000,0x0000000007f10000)]
  0x0000000006003800 JavaThread "C2 CompilerThread1" daemon [_thread_blocked, id=7612, stack(0x0000000007c30000,0x0000000007d30000)]
  0x0000000006001800 JavaThread "C2 CompilerThread0" daemon [_thread_blocked, id=2744, stack(0x0000000007880000,0x0000000007980000)]
  0x0000000005ff3000 JavaThread "JDWP Command Reader" daemon [_thread_in_native, id=5788, stack(0x0000000007b00000,0x0000000007c00000)]
  0x0000000005ff2000 JavaThread "JDWP Event Helper Thread" daemon [_thread_blocked, id=5436, stack(0x0000000007430000,0x0000000007530000)]
  0x0000000005fe8800 JavaThread "JDWP Transport Listener: dt_socket" daemon [_thread_blocked, id=784, stack(0x0000000007630000,0x0000000007730000)]
  0x0000000005fe0800 JavaThread "Attach Listener" daemon [_thread_blocked, id=3640, stack(0x00000000066c0000,0x00000000067c0000)]
  0x0000000005fdb000 JavaThread "Signal Dispatcher" daemon [_thread_blocked, id=2572, stack(0x0000000006c40000,0x0000000006d40000)]
  0x0000000002186800 JavaThread "Finalizer" daemon [_thread_blocked, id=7332, stack(0x0000000006a30000,0x0000000006b30000)]
  0x000000000217d800 JavaThread "Reference Handler" daemon [_thread_blocked, id=2096, stack(0x0000000006840000,0x0000000006940000)]

Other Threads:
  0x0000000002176000 VMThread [stack: 0x0000000006590000,0x0000000006690000] [id=4476]
  0x0000000006029000 WatcherThread [stack: 0x0000000007f60000,0x0000000008060000] [id=8152]

VM state:not at safepoint (normal execution)

VM Mutex/Monitor currently owned by a thread: None

Heap
 PSYoungGen      total 19136K, used 17860K [0x00000000eac00000, 0x00000000ec320000, 0x0000000100000000)
  eden space 15616K, 98% used [0x00000000eac00000,0x00000000ebb14ad0,0x00000000ebb40000)
  from space 3520K, 68% used [0x00000000ebfb0000,0x00000000ec20c550,0x00000000ec320000)
  to   space 4032K, 0% used [0x00000000ebb40000,0x00000000ebb40000,0x00000000ebf30000)
 PSOldGen        total 43520K, used 1504K [0x00000000c0400000, 0x00000000c2e80000, 0x00000000eac00000)
  object space 43520K, 3% used [0x00000000c0400000,0x00000000c0578140,0x00000000c2e80000)
 PSPermGen       total 21248K, used 8671K [0x00000000bb200000, 0x00000000bc6c0000, 0x00000000c0400000)
  object space 21248K, 40% used [0x00000000bb200000,0x00000000bba77cb8,0x00000000bc6c0000)

Code Cache  [0x00000000023d0000, 0x0000000002640000, 0x00000000053d0000)
 total_blobs=685 nmethods=282 adapters=362 free_code_cache=48023Kb largest_free_block=49153984

Dynamic libraries:
0x000000013fb70000 - 0x000000013fba3000 	C:\Program Files\Java\jre7\bin\javaw.exe
0x0000000077820000 - 0x00000000779c9000 	C:\Windows\SYSTEM32\ntdll.dll
0x0000000077700000 - 0x000000007781f000 	C:\Windows\system32\kernel32.dll
0x000007fefd7c0000 - 0x000007fefd82b000 	C:\Windows\system32\KERNELBASE.dll
0x000007fefe420000 - 0x000007fefe4fb000 	C:\Windows\system32\ADVAPI32.dll
0x000007feff770000 - 0x000007feff80f000 	C:\Windows\system32\msvcrt.dll
0x000007fefda60000 - 0x000007fefda7f000 	C:\Windows\SYSTEM32\sechost.dll
0x000007fefe620000 - 0x000007fefe74d000 	C:\Windows\system32\RPCRT4.dll
0x0000000077600000 - 0x00000000776fa000 	C:\Windows\system32\USER32.dll
0x000007fefe2e0000 - 0x000007fefe347000 	C:\Windows\system32\GDI32.dll
0x000007fefe2d0000 - 0x000007fefe2de000 	C:\Windows\system32\LPK.dll
0x000007fefdfc0000 - 0x000007fefe089000 	C:\Windows\system32\USP10.dll
0x000007fefc1d0000 - 0x000007fefc3c4000 	C:\Windows\WinSxS\amd64_microsoft.windows.common-controls_6595b64144ccf1df_6.0.7601.17514_none_fa396087175ac9ac\COMCTL32.dll
0x000007fefda80000 - 0x000007fefdaf1000 	C:\Windows\system32\SHLWAPI.dll
0x000007fefda30000 - 0x000007fefda5e000 	C:\Windows\system32\IMM32.DLL
0x000007feffa20000 - 0x000007feffb29000 	C:\Windows\system32\MSCTF.dll
0x000000006e4c0000 - 0x000000006e591000 	C:\Program Files\Java\jre7\bin\msvcr100.dll
0x0000000063ff0000 - 0x00000000646bd000 	C:\Program Files\Java\jre7\bin\server\jvm.dll
0x000007fefb230000 - 0x000007fefb239000 	C:\Windows\system32\WSOCK32.dll
0x000007fefe3b0000 - 0x000007fefe3fd000 	C:\Windows\system32\WS2_32.dll
0x000007fefe930000 - 0x000007fefe938000 	C:\Windows\system32\NSI.dll
0x000007fefb8e0000 - 0x000007fefb91b000 	C:\Windows\system32\WINMM.dll
0x00000000779e0000 - 0x00000000779e7000 	C:\Windows\system32\PSAPI.DLL
0x00000000729e0000 - 0x00000000729ef000 	C:\Program Files\Java\jre7\bin\verify.dll
0x0000000071120000 - 0x0000000071148000 	C:\Program Files\Java\jre7\bin\java.dll
0x0000000070c90000 - 0x0000000070cc5000 	C:\Program Files\Java\jre7\bin\jdwp.dll
0x0000000070f20000 - 0x0000000070f28000 	C:\Program Files\Java\jre7\bin\npt.dll
0x0000000072310000 - 0x0000000072325000 	C:\Program Files\Java\jre7\bin\zip.dll
0x0000000070f10000 - 0x0000000070f19000 	C:\Program Files\Java\jre7\bin\dt_socket.dll
0x000007fefaf20000 - 0x000007fefaf35000 	C:\Windows\system32\NLAapi.dll
0x000007fef3570000 - 0x000007fef3585000 	C:\Windows\system32\napinsp.dll
0x000007fef3550000 - 0x000007fef3569000 	C:\Windows\system32\pnrpnsp.dll
0x000007fef3520000 - 0x000007fef354e000 	C:\Program Files\Common Files\Microsoft Shared\Windows Live\WLIDNSP.DLL
0x000007fefce30000 - 0x000007fefce85000 	C:\Windows\System32\mswsock.dll
0x000007fefccb0000 - 0x000007fefcd0b000 	C:\Windows\system32\DNSAPI.dll
0x000007fef3510000 - 0x000007fef351b000 	C:\Windows\System32\winrnr.dll
0x0000000072a00000 - 0x0000000072a26000 	C:\Program Files\Bonjour\mdnsNSP.dll
0x000007fefad10000 - 0x000007fefad37000 	C:\Windows\system32\Iphlpapi.DLL
0x000007fefad00000 - 0x000007fefad0b000 	C:\Windows\system32\WINNSI.DLL
0x000007fefab90000 - 0x000007fefabe3000 	C:\Windows\System32\fwpuclnt.dll
0x000007fef3500000 - 0x000007fef3508000 	C:\Windows\system32\rasadhlp.dll
0x000007fefc7e0000 - 0x000007fefc7e7000 	C:\Windows\System32\wshtcpip.dll
0x0000000065580000 - 0x0000000065610000 	C:\Users\Nathaniel\AppData\Local\Temp\libgdxNathaniel\3998920315\gdx64.dll
0x0000000180000000 - 0x0000000180050000 	C:\Users\Nathaniel\AppData\Local\Temp\libgdxNathaniel\1284024257\lwjgl64.dll
0x000007fef0de0000 - 0x000007fef0efd000 	C:\Windows\system32\OPENGL32.dll
0x000007fef41c0000 - 0x000007fef41ed000 	C:\Windows\system32\GLU32.dll
0x000007fef1610000 - 0x000007fef1701000 	C:\Windows\system32\DDRAW.dll
0x000007fefb9e0000 - 0x000007fefb9e8000 	C:\Windows\system32\DCIMAN32.dll
0x000007fefe750000 - 0x000007fefe927000 	C:\Windows\system32\SETUPAPI.dll
0x000007fefd9e0000 - 0x000007fefda16000 	C:\Windows\system32\CFGMGR32.dll
0x000007fefe090000 - 0x000007fefe167000 	C:\Windows\system32\OLEAUT32.dll
0x000007feff810000 - 0x000007feffa13000 	C:\Windows\system32\ole32.dll
0x000007fefd9c0000 - 0x000007fefd9da000 	C:\Windows\system32\DEVOBJ.dll
0x000007fefb720000 - 0x000007fefb738000 	C:\Windows\system32\dwmapi.dll
0x000007fefc6f0000 - 0x000007fefc6fc000 	C:\Windows\system32\VERSION.dll
0x0000000005930000 - 0x0000000005994000 	C:\Users\NATHAN~1\AppData\Local\Temp\libgdxNathaniel\1284024257\OpenAL64.dll
0x000007fefe940000 - 0x000007feff6c8000 	C:\Windows\system32\SHELL32.dll
0x000007fefd530000 - 0x000007fefd53f000 	C:\Windows\system32\CRYPTBASE.dll
0x000007fefbff0000 - 0x000007fefc046000 	C:\Windows\system32\uxtheme.dll
0x000007feeef40000 - 0x000007feeefbf000 	C:\Program Files\Common Files\microsoft shared\ink\tiptsf.dll
0x000007feff6d0000 - 0x000007feff769000 	C:\Windows\system32\CLBCatQ.DLL
0x000007fefc050000 - 0x000007fefc17c000 	C:\Windows\System32\PROPSYS.dll
0x000007fefd6c0000 - 0x000007fefd6f9000 	C:\Windows\system32\WINTRUST.dll
0x000007fefd830000 - 0x000007fefd99a000 	C:\Windows\system32\CRYPT32.dll
0x000007fefd6a0000 - 0x000007fefd6af000 	C:\Windows\system32\MSASN1.dll
0x000007fefb920000 - 0x000007fefb9a8000 	C:\Windows\system32\dsound.dll
0x000007fefc6c0000 - 0x000007fefc6ec000 	C:\Windows\system32\POWRPROF.dll
0x000007fefbb30000 - 0x000007fefbb7b000 	C:\Windows\System32\MMDevApi.dll
0x000007fefb150000 - 0x000007fefb19f000 	C:\Windows\system32\AUDIOSES.DLL
0x000007fefac00000 - 0x000007fefac09000 	C:\Windows\system32\atig6pxx.dll
0x00000000518c0000 - 0x0000000052fa3000 	C:\Windows\system32\atio6axx.dll
0x000007fefad40000 - 0x000007fefade6000 	C:\Windows\system32\atiadlxx.dll
0x000007fefc900000 - 0x000007fefc91e000 	C:\Windows\system32\USERENV.dll
0x000007fefd600000 - 0x000007fefd60f000 	C:\Windows\system32\profapi.dll
0x000007fefc7c0000 - 0x000007fefc7d1000 	C:\Windows\system32\WTSAPI32.dll
0x000007fef3380000 - 0x000007fef349e000 	C:\Windows\system32\aticfx64.dll
0x000007fef45d0000 - 0x000007fef45de000 	C:\Windows\system32\atig6txx.dll
0x000007fefa5b0000 - 0x000007fefa604000 	C:\Windows\system32\oleacc.dll
0x000007fef09a0000 - 0x000007fef0a3c000 	C:\Windows\system32\mscms.dll
0x000007fef1a90000 - 0x000007fef1ad2000 	C:\Windows\system32\icm32.dll
0x000007fefce90000 - 0x000007fefcea7000 	C:\Windows\system32\CRYPTSP.dll
0x000007fefcb90000 - 0x000007fefcbd7000 	C:\Windows\system32\rsaenh.dll
0x000007fefd5e0000 - 0x000007fefd5f4000 	C:\Windows\system32\RpcRtRemote.dll

VM Arguments:
jvm_args: -agentlib:jdwp=transport=dt_socket,suspend=y,address=localhost:57896 -Dfile.encoding=Cp1252 
java_command: com.punchline.microspace.Main
Launcher Type: SUN_STANDARD

Environment Variables:
JAVA_HOME=C:\Program Files (x86)\Java\jdk1.7.0_06\bin
PATH=C:\Program Files (x86)\AMD APP\bin\x86_64;C:\Program Files (x86)\AMD APP\bin\x86;C:\Program Files (x86)\NVIDIA Corporation\PhysX\Common;C:\Program Files\Common Files\Microsoft Shared\Windows Live;C:\Program Files (x86)\Common Files\Microsoft Shared\Windows Live;C:\Windows\system32;C:\Windows;C:\Windows\System32\Wbem;C:\Windows\System32\WindowsPowerShell\v1.0\;c:\Program Files (x86)\Common Files\Roxio Shared\DLLShared\;c:\Program Files (x86)\Common Files\Roxio Shared\DLLShared\;c:\Program Files (x86)\Common Files\Roxio Shared\12.0\DLLShared\;C:\Program Files (x86)\Windows Live\Shared;PROGRAMFILES\Internet Explorer;C:\Program Files (x86)\ATI Technologies\ATI.ACE\Core-Static;c:\Program Files\Microsoft SQL Server\110\Tools\Binn\;c:\Program Files (x86)\Microsoft SQL Server\110\Tools\Binn\;c:\Program Files\Microsoft SQL Server\110\DTS\Binn\;c:\Program Files (x86)\Microsoft SQL Server\110\Tools\Binn\ManagementStudio\;c:\Program Files (x86)\Microsoft SQL Server\110\DTS\Binn\;C:\Program Files\TortoiseGit\bin;C:\Program Files\TortoiseSVN\bin;;C:\Motion-Twin\Haxe\;C:\Motion-Twin\neko
USERNAME=Nathaniel
OS=Windows_NT
PROCESSOR_IDENTIFIER=Intel64 Family 6 Model 42 Stepping 7, GenuineIntel



---------------  S Y S T E M  ---------------

OS: Windows 7 , 64 bit Build 7601 Service Pack 1

CPU:total 4 (4 cores per cpu, 1 threads per core) family 6 model 42 stepping 7, cmov, cx8, fxsr, mmx, sse, sse2, sse3, ssse3, sse4.1, sse4.2, popcnt

Memory: 4k page, physical 4176428k(1557616k free), swap 8433940k(3162252k free)

vm_info: Java HotSpot(TM) 64-Bit Server VM (21.1-b02) for windows-amd64 JRE (1.7.0_01-b08), built on Oct  3 2011 01:39:25 by "java_re" with unknown MS VC++:1600

time: Sat Jul 27 12:04:45 2013
elapsed time: 41 seconds

