#
# A fatal error has been detected by the Java Runtime Environment:
#
#  EXCEPTION_ACCESS_VIOLATION (0xc0000005) at pc=0x00000000655a1b8d, pid=6392, tid=6784
#
# JRE version: 7.0_01-b08
# Java VM: Java HotSpot(TM) 64-Bit Server VM (21.1-b02 mixed mode windows-amd64 compressed oops)
# Problematic frame:
# C  [gdx64.dll+0x21b8d]
#
# Failed to write core dump. Minidumps are not enabled by default on client versions of Windows
#
# If you would like to submit a bug report, please visit:
#   http://bugreport.sun.com/bugreport/crash.jsp
# The crash happened outside the Java Virtual Machine in native code.
# See problematic frame for where to report the bug.
#

---------------  T H R E A D  ---------------

Current thread (0x00000000081b4000):  JavaThread "LWJGL Application" [_thread_in_native, id=6784, stack(0x0000000009220000,0x0000000009320000)]

siginfo: ExceptionCode=0xc0000005, reading address 0x000000000038e1d0

Registers:
RAX=0x000000000038e160, RBX=0x000000000039b740, RCX=0x000000000000002d, RDX=0x000000000039b740
RSP=0x000000000931f1b0, RBP=0x000000000931f320, RSI=0x000000000211bdb8, RDI=0x00000000bb20b1e0
R8 =0x000000000039b740, R9 =0x0000000002165140, R10=0x0000000002588a35, R11=0x00000000641aa070
R12=0x0000000000000000, R13=0x00000000bb9d6ac8, R14=0x000000000931f350, R15=0x00000000081b4000
RIP=0x00000000655a1b8d, EFLAGS=0x0000000000010206

Top of Stack: (sp=0x000000000931f1b0)
0x000000000931f1b0:   0000000006158a18 0000000064187316
0x000000000931f1c0:   0000000006158a28 000000006409d601
0x000000000931f1d0:   00000000081b4000 00000000081b4000
0x000000000931f1e0:   0000000006158a30 0000000000000000
0x000000000931f1f0:   0000000000000000 000000006406e9ae
0x000000000931f200:   0000000006158a28 0000000006158a00
0x000000000931f210:   00008bb03839c83e 000000006404d2bf
0x000000000931f220:   00000000655d3070 00000000655d3928
0x000000000931f230:   000000000931f260 00000000655a1c31
0x000000000931f240:   000000000931f1b0 0000000064065a70
0x000000000931f250:   00000000644c5248 0000000002165140
0x000000000931f260:   000000000931f320 00000000655aae75
0x000000000931f270:   000000000039b740 0000000002599103
0x000000000931f280:   0000000002575350 00000000640a1e10
0x000000000931f290:   00000000bb9d6ac8 0000000002588a62
0x000000000931f2a0:   000000000931f340 0000000064065c8e 

Instructions: (pc=0x00000000655a1b8d)
0x00000000655a1b6d:   c0 00 00 00 48 8b 82 20 93 01 00 48 85 c0 75 10
0x00000000655a1b7d:   eb 54 90 48 83 7c 24 20 00 74 4b 48 8b 44 24 20
0x00000000655a1b8d:   48 8b 48 70 48 8b 50 68 48 85 c9 48 89 54 24 20
0x00000000655a1b9d:   74 e1 48 8b 41 08 48 8b 94 24 c0 00 00 00 c7 41 


Register to memory mapping:

RAX=0x000000000038e160 is an unknown value
RBX=0x000000000039b740 is an unknown value
RCX=0x000000000000002d is an unknown value
RDX=0x000000000039b740 is an unknown value
RSP=0x000000000931f1b0 is pointing into the stack for thread: 0x00000000081b4000
RBP=0x000000000931f320 is pointing into the stack for thread: 0x00000000081b4000
RSI=0x000000000211bdb8 is an unknown value
RDI=0x00000000bb20b1e0 is an oop
{instance class} 
 - klass: {other class}
R8 =0x000000000039b740 is an unknown value
R9 =0x0000000002165140 is an unknown value
R10=0x0000000002588a35 is an Interpreter codelet
method entry point (kind = native)  [0x0000000002588540, 0x0000000002589400]  3776 bytes
R11=0x00000000641aa070 is an unknown value
R12=0x0000000000000000 is an unknown value
R13=0x00000000bb9d6ac8 is an oop
{method} 
 - klass: {other class}
R14=0x000000000931f350 is pointing into the stack for thread: 0x00000000081b4000
R15=0x00000000081b4000 is a thread


Stack: [0x0000000009220000,0x0000000009320000],  sp=0x000000000931f1b0,  free space=1020k
Native frames: (J=compiled Java code, j=interpreted, Vv=VM code, C=native code)
C  [gdx64.dll+0x21b8d]
j  com.badlogic.gdx.physics.box2d.World.dispose()V+5
j  com.punchline.javalib.entities.EntityWorld.dispose()V+11
j  com.punchline.microspace.screens.GameplayScreen.dispose()V+4
j  com.punchline.javalib.BaseGame.setScreen(Lcom/badlogic/gdx/Screen;Z)V+19
j  com.punchline.javalib.BaseGame.setScreen(Lcom/badlogic/gdx/Screen;)V+3
j  com.punchline.microspace.screens.GameplayScreen.render(F)V+44
j  com.badlogic.gdx.Game.render()V+19
j  com.punchline.javalib.BaseGame.render()V+33
j  com.badlogic.gdx.backends.lwjgl.LwjglApplication.mainLoop()V+720
j  com.badlogic.gdx.backends.lwjgl.LwjglApplication$1.run()V+27
v  ~StubRoutines::call_stub
V  [jvm.dll+0x1a4366]

Java frames: (J=compiled Java code, j=interpreted, Vv=VM code)
j  com.badlogic.gdx.physics.box2d.World.jniDispose(J)V+0
j  com.badlogic.gdx.physics.box2d.World.dispose()V+5
j  com.punchline.javalib.entities.EntityWorld.dispose()V+11
j  com.punchline.microspace.screens.GameplayScreen.dispose()V+4
j  com.punchline.javalib.BaseGame.setScreen(Lcom/badlogic/gdx/Screen;Z)V+19
j  com.punchline.javalib.BaseGame.setScreen(Lcom/badlogic/gdx/Screen;)V+3
j  com.punchline.microspace.screens.GameplayScreen.render(F)V+44
j  com.badlogic.gdx.Game.render()V+19
j  com.punchline.javalib.BaseGame.render()V+33
j  com.badlogic.gdx.backends.lwjgl.LwjglApplication.mainLoop()V+720
j  com.badlogic.gdx.backends.lwjgl.LwjglApplication$1.run()V+27
v  ~StubRoutines::call_stub

---------------  P R O C E S S  ---------------

Java Threads: ( => current thread )
  0x00000000083da000 JavaThread "LWJGL Timer" daemon [_thread_blocked, id=7748, stack(0x000000000e050000,0x000000000e150000)]
  0x00000000020dd800 JavaThread "DestroyJavaVM" [_thread_blocked, id=9040, stack(0x0000000002470000,0x0000000002570000)]
=>0x00000000081b4000 JavaThread "LWJGL Application" [_thread_in_native, id=6784, stack(0x0000000009220000,0x0000000009320000)]
  0x0000000006156800 JavaThread "Service Thread" daemon [_thread_blocked, id=8412, stack(0x0000000007c60000,0x0000000007d60000)]
  0x0000000006154000 JavaThread "C2 CompilerThread1" daemon [_thread_blocked, id=6436, stack(0x0000000007b20000,0x0000000007c20000)]
  0x0000000006152800 JavaThread "C2 CompilerThread0" daemon [_thread_blocked, id=3696, stack(0x0000000007850000,0x0000000007950000)]
  0x0000000006141800 JavaThread "JDWP Command Reader" daemon [_thread_in_native, id=2060, stack(0x0000000007970000,0x0000000007a70000)]
  0x0000000006140000 JavaThread "JDWP Event Helper Thread" daemon [_thread_blocked, id=7684, stack(0x0000000007570000,0x0000000007670000)]
  0x0000000006138800 JavaThread "JDWP Transport Listener: dt_socket" daemon [_thread_blocked, id=7936, stack(0x0000000007740000,0x0000000007840000)]
  0x0000000006130800 JavaThread "Attach Listener" daemon [_thread_blocked, id=3840, stack(0x0000000006b60000,0x0000000006c60000)]
  0x000000000612b000 JavaThread "Signal Dispatcher" daemon [_thread_blocked, id=5744, stack(0x0000000006910000,0x0000000006a10000)]
  0x00000000021d6800 JavaThread "Finalizer" daemon [_thread_blocked, id=6432, stack(0x0000000006a20000,0x0000000006b20000)]
  0x00000000021cd800 JavaThread "Reference Handler" daemon [_thread_blocked, id=8528, stack(0x0000000006800000,0x0000000006900000)]

Other Threads:
  0x00000000021c6000 VMThread [stack: 0x0000000006570000,0x0000000006670000] [id=8240]
  0x0000000006171800 WatcherThread [stack: 0x0000000007f10000,0x0000000008010000] [id=8580]

VM state:not at safepoint (normal execution)

VM Mutex/Monitor currently owned by a thread: None

Heap
 PSYoungGen      total 19392K, used 12748K [0x00000000eac00000, 0x00000000ec3a0000, 0x0000000100000000)
  eden space 14976K, 84% used [0x00000000eac00000,0x00000000eb84b320,0x00000000ebaa0000)
  from space 4416K, 3% used [0x00000000ebf40000,0x00000000ebf68000,0x00000000ec390000)
  to   space 4608K, 0% used [0x00000000ebaa0000,0x00000000ebaa0000,0x00000000ebf20000)
 PSOldGen        total 43520K, used 3859K [0x00000000c0400000, 0x00000000c2e80000, 0x00000000eac00000)
  object space 43520K, 8% used [0x00000000c0400000,0x00000000c07c4e50,0x00000000c2e80000)
 PSPermGen       total 21248K, used 8683K [0x00000000bb200000, 0x00000000bc6c0000, 0x00000000c0400000)
  object space 21248K, 40% used [0x00000000bb200000,0x00000000bba7ac38,0x00000000bc6c0000)

Code Cache  [0x0000000002570000, 0x00000000027e0000, 0x0000000005570000)
 total_blobs=725 nmethods=322 adapters=362 free_code_cache=47943Kb largest_free_block=49071424

Dynamic libraries:
0x000000013f400000 - 0x000000013f433000 	C:\Program Files\Java\jre7\bin\javaw.exe
0x0000000077820000 - 0x00000000779c9000 	C:\Windows\SYSTEM32\ntdll.dll
0x0000000077700000 - 0x000000007781f000 	C:\Windows\system32\kernel32.dll
0x000007fefd7c0000 - 0x000007fefd82b000 	C:\Windows\system32\KERNELBASE.dll
0x000007fefe420000 - 0x000007fefe4fb000 	C:\Windows\system32\ADVAPI32.dll
0x000007feff770000 - 0x000007feff80f000 	C:\Windows\system32\msvcrt.dll
0x000007fefda60000 - 0x000007fefda7f000 	C:\Windows\SYSTEM32\sechost.dll
0x000007fefe620000 - 0x000007fefe74d000 	C:\Windows\system32\RPCRT4.dll
0x0000000077600000 - 0x00000000776fa000 	C:\Windows\system32\USER32.dll
0x000007fefe2e0000 - 0x000007fefe347000 	C:\Windows\system32\GDI32.dll
0x000007fefe2d0000 - 0x000007fefe2de000 	C:\Windows\system32\LPK.dll
0x000007fefdfc0000 - 0x000007fefe089000 	C:\Windows\system32\USP10.dll
0x000007fefc1d0000 - 0x000007fefc3c4000 	C:\Windows\WinSxS\amd64_microsoft.windows.common-controls_6595b64144ccf1df_6.0.7601.17514_none_fa396087175ac9ac\COMCTL32.dll
0x000007fefda80000 - 0x000007fefdaf1000 	C:\Windows\system32\SHLWAPI.dll
0x000007fefda30000 - 0x000007fefda5e000 	C:\Windows\system32\IMM32.DLL
0x000007feffa20000 - 0x000007feffb29000 	C:\Windows\system32\MSCTF.dll
0x000000006e4c0000 - 0x000000006e591000 	C:\Program Files\Java\jre7\bin\msvcr100.dll
0x0000000063ff0000 - 0x00000000646bd000 	C:\Program Files\Java\jre7\bin\server\jvm.dll
0x000007fefb230000 - 0x000007fefb239000 	C:\Windows\system32\WSOCK32.dll
0x000007fefe3b0000 - 0x000007fefe3fd000 	C:\Windows\system32\WS2_32.dll
0x000007fefe930000 - 0x000007fefe938000 	C:\Windows\system32\NSI.dll
0x000007fefb8e0000 - 0x000007fefb91b000 	C:\Windows\system32\WINMM.dll
0x00000000779e0000 - 0x00000000779e7000 	C:\Windows\system32\PSAPI.DLL
0x00000000729e0000 - 0x00000000729ef000 	C:\Program Files\Java\jre7\bin\verify.dll
0x0000000071120000 - 0x0000000071148000 	C:\Program Files\Java\jre7\bin\java.dll
0x0000000070ef0000 - 0x0000000070f25000 	C:\Program Files\Java\jre7\bin\jdwp.dll
0x0000000070cc0000 - 0x0000000070cc8000 	C:\Program Files\Java\jre7\bin\npt.dll
0x0000000072310000 - 0x0000000072325000 	C:\Program Files\Java\jre7\bin\zip.dll
0x0000000070cb0000 - 0x0000000070cb9000 	C:\Program Files\Java\jre7\bin\dt_socket.dll
0x000007fefaf20000 - 0x000007fefaf35000 	C:\Windows\system32\NLAapi.dll
0x000007fef3570000 - 0x000007fef3585000 	C:\Windows\system32\napinsp.dll
0x000007fef3550000 - 0x000007fef3569000 	C:\Windows\system32\pnrpnsp.dll
0x000007fef3520000 - 0x000007fef354e000 	C:\Program Files\Common Files\Microsoft Shared\Windows Live\WLIDNSP.DLL
0x000007fefce30000 - 0x000007fefce85000 	C:\Windows\System32\mswsock.dll
0x000007fefccb0000 - 0x000007fefcd0b000 	C:\Windows\system32\DNSAPI.dll
0x000007fef3510000 - 0x000007fef351b000 	C:\Windows\System32\winrnr.dll
0x0000000072a00000 - 0x0000000072a26000 	C:\Program Files\Bonjour\mdnsNSP.dll
0x000007fefad10000 - 0x000007fefad37000 	C:\Windows\system32\Iphlpapi.DLL
0x000007fefad00000 - 0x000007fefad0b000 	C:\Windows\system32\WINNSI.DLL
0x000007fefab90000 - 0x000007fefabe3000 	C:\Windows\System32\fwpuclnt.dll
0x000007fef3500000 - 0x000007fef3508000 	C:\Windows\system32\rasadhlp.dll
0x000007fefc7e0000 - 0x000007fefc7e7000 	C:\Windows\System32\wshtcpip.dll
0x0000000065580000 - 0x0000000065610000 	C:\Users\Nathaniel\AppData\Local\Temp\libgdxNathaniel\3998920315\gdx64.dll
0x0000000180000000 - 0x0000000180050000 	C:\Users\Nathaniel\AppData\Local\Temp\libgdxNathaniel\1284024257\lwjgl64.dll
0x000007fef0f00000 - 0x000007fef101d000 	C:\Windows\system32\OPENGL32.dll
0x000007fef4190000 - 0x000007fef41bd000 	C:\Windows\system32\GLU32.dll
0x000007fef1610000 - 0x000007fef1701000 	C:\Windows\system32\DDRAW.dll
0x000007fefb9e0000 - 0x000007fefb9e8000 	C:\Windows\system32\DCIMAN32.dll
0x000007fefe750000 - 0x000007fefe927000 	C:\Windows\system32\SETUPAPI.dll
0x000007fefd9e0000 - 0x000007fefda16000 	C:\Windows\system32\CFGMGR32.dll
0x000007fefe090000 - 0x000007fefe167000 	C:\Windows\system32\OLEAUT32.dll
0x000007feff810000 - 0x000007feffa13000 	C:\Windows\system32\ole32.dll
0x000007fefd9c0000 - 0x000007fefd9da000 	C:\Windows\system32\DEVOBJ.dll
0x000007fefb720000 - 0x000007fefb738000 	C:\Windows\system32\dwmapi.dll
0x000007fefc6f0000 - 0x000007fefc6fc000 	C:\Windows\system32\VERSION.dll
0x0000000005900000 - 0x0000000005964000 	C:\Users\NATHAN~1\AppData\Local\Temp\libgdxNathaniel\1284024257\OpenAL64.dll
0x000007fefe940000 - 0x000007feff6c8000 	C:\Windows\system32\SHELL32.dll
0x000007fefd530000 - 0x000007fefd53f000 	C:\Windows\system32\CRYPTBASE.dll
0x000007fefbff0000 - 0x000007fefc046000 	C:\Windows\system32\uxtheme.dll
0x000007feeef40000 - 0x000007feeefbf000 	C:\Program Files\Common Files\microsoft shared\ink\tiptsf.dll
0x000007feff6d0000 - 0x000007feff769000 	C:\Windows\system32\CLBCatQ.DLL
0x000007fefc050000 - 0x000007fefc17c000 	C:\Windows\System32\PROPSYS.dll
0x000007fefd6c0000 - 0x000007fefd6f9000 	C:\Windows\system32\WINTRUST.dll
0x000007fefd830000 - 0x000007fefd99a000 	C:\Windows\system32\CRYPT32.dll
0x000007fefd6a0000 - 0x000007fefd6af000 	C:\Windows\system32\MSASN1.dll
0x000007fefb920000 - 0x000007fefb9a8000 	C:\Windows\system32\dsound.dll
0x000007fefc6c0000 - 0x000007fefc6ec000 	C:\Windows\system32\POWRPROF.dll
0x000007fefbb30000 - 0x000007fefbb7b000 	C:\Windows\System32\MMDevApi.dll
0x000007fefb150000 - 0x000007fefb19f000 	C:\Windows\system32\AUDIOSES.DLL
0x000007fef46e0000 - 0x000007fef46e9000 	C:\Windows\system32\atig6pxx.dll
0x0000000057120000 - 0x0000000058803000 	C:\Windows\system32\atio6axx.dll
0x000007fefad40000 - 0x000007fefade6000 	C:\Windows\system32\atiadlxx.dll
0x000007fefc900000 - 0x000007fefc91e000 	C:\Windows\system32\USERENV.dll
0x000007fefd600000 - 0x000007fefd60f000 	C:\Windows\system32\profapi.dll
0x000007fefc7c0000 - 0x000007fefc7d1000 	C:\Windows\system32\WTSAPI32.dll
0x000007fef3380000 - 0x000007fef349e000 	C:\Windows\system32\aticfx64.dll
0x000007fef45d0000 - 0x000007fef45de000 	C:\Windows\system32\atig6txx.dll
0x000007fefa5b0000 - 0x000007fefa604000 	C:\Windows\system32\oleacc.dll
0x000007fef09a0000 - 0x000007fef0a3c000 	C:\Windows\system32\mscms.dll
0x000007fef1a90000 - 0x000007fef1ad2000 	C:\Windows\system32\icm32.dll
0x000007fefce90000 - 0x000007fefcea7000 	C:\Windows\system32\CRYPTSP.dll
0x000007fefcb90000 - 0x000007fefcbd7000 	C:\Windows\system32\rsaenh.dll
0x000007fefd5e0000 - 0x000007fefd5f4000 	C:\Windows\system32\RpcRtRemote.dll

VM Arguments:
jvm_args: -agentlib:jdwp=transport=dt_socket,suspend=y,address=localhost:57962 -Dfile.encoding=Cp1252 
java_command: com.punchline.microspace.Main
Launcher Type: SUN_STANDARD

Environment Variables:
JAVA_HOME=C:\Program Files (x86)\Java\jdk1.7.0_06\bin
PATH=C:\Program Files (x86)\AMD APP\bin\x86_64;C:\Program Files (x86)\AMD APP\bin\x86;C:\Program Files (x86)\NVIDIA Corporation\PhysX\Common;C:\Program Files\Common Files\Microsoft Shared\Windows Live;C:\Program Files (x86)\Common Files\Microsoft Shared\Windows Live;C:\Windows\system32;C:\Windows;C:\Windows\System32\Wbem;C:\Windows\System32\WindowsPowerShell\v1.0\;c:\Program Files (x86)\Common Files\Roxio Shared\DLLShared\;c:\Program Files (x86)\Common Files\Roxio Shared\DLLShared\;c:\Program Files (x86)\Common Files\Roxio Shared\12.0\DLLShared\;C:\Program Files (x86)\Windows Live\Shared;PROGRAMFILES\Internet Explorer;C:\Program Files (x86)\ATI Technologies\ATI.ACE\Core-Static;c:\Program Files\Microsoft SQL Server\110\Tools\Binn\;c:\Program Files (x86)\Microsoft SQL Server\110\Tools\Binn\;c:\Program Files\Microsoft SQL Server\110\DTS\Binn\;c:\Program Files (x86)\Microsoft SQL Server\110\Tools\Binn\ManagementStudio\;c:\Program Files (x86)\Microsoft SQL Server\110\DTS\Binn\;C:\Program Files\TortoiseGit\bin;C:\Program Files\TortoiseSVN\bin;;C:\Motion-Twin\Haxe\;C:\Motion-Twin\neko
USERNAME=Nathaniel
OS=Windows_NT
PROCESSOR_IDENTIFIER=Intel64 Family 6 Model 42 Stepping 7, GenuineIntel



---------------  S Y S T E M  ---------------

OS: Windows 7 , 64 bit Build 7601 Service Pack 1

CPU:total 4 (4 cores per cpu, 1 threads per core) family 6 model 42 stepping 7, cmov, cx8, fxsr, mmx, sse, sse2, sse3, ssse3, sse4.1, sse4.2, popcnt

Memory: 4k page, physical 4176428k(1539724k free), swap 8433940k(3157356k free)

vm_info: Java HotSpot(TM) 64-Bit Server VM (21.1-b02) for windows-amd64 JRE (1.7.0_01-b08), built on Oct  3 2011 01:39:25 by "java_re" with unknown MS VC++:1600

time: Sat Jul 27 12:06:58 2013
elapsed time: 30 seconds

