#
# A fatal error has been detected by the Java Runtime Environment:
#
#  EXCEPTION_ACCESS_VIOLATION (0xc0000005) at pc=0x000000007787324e, pid=5668, tid=9184
#
# JRE version: 7.0_01-b08
# Java VM: Java HotSpot(TM) 64-Bit Server VM (21.1-b02 mixed mode windows-amd64 compressed oops)
# Problematic frame:
# C  [ntdll.dll+0x5324e]
#
# Failed to write core dump. Minidumps are not enabled by default on client versions of Windows
#
# If you would like to submit a bug report, please visit:
#   http://bugreport.sun.com/bugreport/crash.jsp
# The crash happened outside the Java Virtual Machine in native code.
# See problematic frame for where to report the bug.
#

---------------  T H R E A D  ---------------

Current thread (0x00000000081c9800):  JavaThread "LWJGL Application" [_thread_in_native, id=9184, stack(0x0000000009190000,0x0000000009290000)]

siginfo: ExceptionCode=0xc0000005, reading address 0xffffffffffffffff

Registers:
RAX=0x000000000928ef78, RBX=0x434e000043ae7ff0, RCX=0x0000000000420000, RDX=0x0000000000000000
RSP=0x000000000928ef00, RBP=0x0000000000000000, RSI=0x0000000000420000, RDI=0x434e000043ae8000
R8 =0x434e000043ae8000, R9 =0x000000000000005c, R10=0x000000000000002e, R11=0x000000000000001b
R12=0x0000000000000000, R13=0x00000000bb88a8e8, R14=0x000000000928f148, R15=0x00000000081c9800
RIP=0x000000007787324e, EFLAGS=0x0000000000010246

Top of Stack: (sp=0x000000000928ef00)
0x000000000928ef00:   00000000004c22c0 0000000065583739
0x000000000928ef10:   00000000081c9800 00000000638fd078
0x000000000928ef20:   0000000000000000 000000000000000b
0x000000000928ef30:   000000000928eff0 00000000ffffffff
0x000000000928ef40:   0000000000000000 00000000639734e1
0x000000000928ef50:   0000000000000000 00000000655cc409
0x000000000928ef60:   00000000eb41c090 0000000000000000
0x000000000928ef70:   000000000928f118 000007feff7710c8
0x000000000928ef80:   000000000928ef10 00000000004c22c0
0x000000000928ef90:   00000000004c22c0 0000000000000000
0x000000000928efa0:   00000000004c22c0 00000000655a1c1d
0x000000000928efb0:   00000000004db560 0000000000000004
0x000000000928efc0:   00000000bb74b038 0000000002714691
0x000000000928efd0:   00000000bb2023d8 000000000928f030
0x000000000928efe0:   000000000928f080 0000000063a18917
0x000000000928eff0:   0000000000000000 00000000ffffffff 

Instructions: (pc=0x000000007787324e)
0x000000007787322e:   82 1c ac 01 00 f6 41 78 01 0f 85 81 aa 01 00 41
0x000000007787323e:   f6 c0 0f 0f 85 4f aa 01 00 49 8d 58 f0 0f 0d 0b
0x000000007787324e:   80 7b 0f 05 0f 84 03 aa 01 00 f6 43 0f 3f 0f 84
0x000000007787325e:   09 aa 01 00 48 85 db 0f 84 cb aa 01 00 80 7f ff 


Register to memory mapping:

RAX=0x000000000928ef78 is pointing into the stack for thread: 0x00000000081c9800
RBX=0x434e000043ae7ff0 is an unknown value
RCX=0x0000000000420000 is an unknown value
RDX=0x0000000000000000 is an unknown value
RSP=0x000000000928ef00 is pointing into the stack for thread: 0x00000000081c9800
RBP=0x0000000000000000 is an unknown value
RSI=0x0000000000420000 is an unknown value
RDI=0x434e000043ae8000 is an unknown value
R8 =0x434e000043ae8000 is an unknown value
R9 =0x000000000000005c is an unknown value
R10=0x000000000000002e is an unknown value
R11=0x000000000000001b is an unknown value
R12=0x0000000000000000 is an unknown value
R13=0x00000000bb88a8e8 is an oop
{method} 
 - klass: {other class}
R14=0x000000000928f148 is pointing into the stack for thread: 0x00000000081c9800
R15=0x00000000081c9800 is a thread


Stack: [0x0000000009190000,0x0000000009290000],  sp=0x000000000928ef00,  free space=1019k
Native frames: (J=compiled Java code, j=interpreted, Vv=VM code, C=native code)
C  [ntdll.dll+0x5324e]  RtlFreeHeap+0x4e

[error occurred during error reporting (printing native stack), id 0xc0000005]

Java frames: (J=compiled Java code, j=interpreted, Vv=VM code)
j  com.badlogic.gdx.physics.box2d.World.jniDispose(J)V+0
j  com.badlogic.gdx.physics.box2d.World.dispose()V+5
j  com.punchline.javalib.entities.EntityWorld.dispose()V+11
j  com.punchline.javalib.states.screens.GameplayScreen.dispose()V+4
j  com.punchline.javalib.states.screens.PauseMenuScreen.onQuitPressed()V+4
j  com.punchline.javalib.states.screens.PauseMenuScreen$2.touchUp(Lcom/badlogic/gdx/scenes/scene2d/InputEvent;FFII)V+15
j  com.badlogic.gdx.scenes.scene2d.InputListener.handle(Lcom/badlogic/gdx/scenes/scene2d/Event;)Z+196
j  com.badlogic.gdx.scenes.scene2d.Stage.touchUp(IIII)Z+214
j  com.badlogic.gdx.backends.lwjgl.LwjglInput.processEvents()V+283
j  com.badlogic.gdx.backends.lwjgl.LwjglApplication.mainLoop()V+511
j  com.badlogic.gdx.backends.lwjgl.LwjglApplication$1.run()V+27
v  ~StubRoutines::call_stub

---------------  P R O C E S S  ---------------

Java Threads: ( => current thread )
  0x0000000008470000 JavaThread "LWJGL Timer" daemon [_thread_blocked, id=6220, stack(0x000000000af80000,0x000000000b080000)]
  0x000000000220d800 JavaThread "DestroyJavaVM" [_thread_blocked, id=5564, stack(0x0000000002550000,0x0000000002650000)]
=>0x00000000081c9800 JavaThread "LWJGL Application" [_thread_in_native, id=9184, stack(0x0000000009190000,0x0000000009290000)]
  0x00000000062f7000 JavaThread "Service Thread" daemon [_thread_blocked, id=9104, stack(0x0000000007fa0000,0x00000000080a0000)]
  0x00000000062f6800 JavaThread "C2 CompilerThread1" daemon [_thread_blocked, id=4016, stack(0x0000000007e10000,0x0000000007f10000)]
  0x00000000062d4800 JavaThread "C2 CompilerThread0" daemon [_thread_blocked, id=2184, stack(0x0000000007d00000,0x0000000007e00000)]
  0x00000000062c3800 JavaThread "JDWP Command Reader" daemon [_thread_in_native, id=9136, stack(0x0000000007b40000,0x0000000007c40000)]
  0x00000000062c2800 JavaThread "JDWP Event Helper Thread" daemon [_thread_blocked, id=8640, stack(0x0000000007880000,0x0000000007980000)]
  0x00000000062bf000 JavaThread "JDWP Transport Listener: dt_socket" daemon [_thread_blocked, id=4168, stack(0x0000000007670000,0x0000000007770000)]
  0x00000000062b3000 JavaThread "Attach Listener" daemon [_thread_blocked, id=8544, stack(0x0000000006d00000,0x0000000006e00000)]
  0x00000000062ae000 JavaThread "Signal Dispatcher" daemon [_thread_blocked, id=6816, stack(0x0000000006700000,0x0000000006800000)]
  0x0000000002189800 JavaThread "Finalizer" daemon [_thread_blocked, id=9168, stack(0x0000000006bb0000,0x0000000006cb0000)]
  0x0000000002181000 JavaThread "Reference Handler" daemon [_thread_blocked, id=6556, stack(0x0000000006a40000,0x0000000006b40000)]

Other Threads:
  0x0000000002179800 VMThread [stack: 0x0000000006870000,0x0000000006970000] [id=3728]
  0x00000000062d5000 WatcherThread [stack: 0x0000000007570000,0x0000000007670000] [id=2964]

VM state:not at safepoint (normal execution)

VM Mutex/Monitor currently owned by a thread: None

Heap
 PSYoungGen      total 19072K, used 11279K [0x00000000eac00000, 0x00000000ec140000, 0x0000000100000000)
  eden space 16384K, 52% used [0x00000000eac00000,0x00000000eb468398,0x00000000ebc00000)
  from space 2688K, 99% used [0x00000000ebea0000,0x00000000ec13bc38,0x00000000ec140000)
  to   space 2688K, 0% used [0x00000000ebc00000,0x00000000ebc00000,0x00000000ebea0000)
 PSOldGen        total 43520K, used 1217K [0x00000000c0400000, 0x00000000c2e80000, 0x00000000eac00000)
  object space 43520K, 2% used [0x00000000c0400000,0x00000000c05305c8,0x00000000c2e80000)
 PSPermGen       total 21248K, used 7121K [0x00000000bb200000, 0x00000000bc6c0000, 0x00000000c0400000)
  object space 21248K, 33% used [0x00000000bb200000,0x00000000bb8f4798,0x00000000bc6c0000)

Code Cache  [0x0000000002650000, 0x00000000028c0000, 0x0000000005650000)
 total_blobs=694 nmethods=313 adapters=340 free_code_cache=48086Kb largest_free_block=49195584

Dynamic libraries:
0x000000013f640000 - 0x000000013f673000 	C:\Program Files\Java\jre7\bin\javaw.exe
0x0000000077820000 - 0x00000000779c9000 	C:\Windows\SYSTEM32\ntdll.dll
0x0000000077700000 - 0x000000007781f000 	C:\Windows\system32\kernel32.dll
0x000007fefd7c0000 - 0x000007fefd82b000 	C:\Windows\system32\KERNELBASE.dll
0x000007fefe420000 - 0x000007fefe4fb000 	C:\Windows\system32\ADVAPI32.dll
0x000007feff770000 - 0x000007feff80f000 	C:\Windows\system32\msvcrt.dll
0x000007fefda60000 - 0x000007fefda7f000 	C:\Windows\SYSTEM32\sechost.dll
0x000007fefe620000 - 0x000007fefe74d000 	C:\Windows\system32\RPCRT4.dll
0x0000000077600000 - 0x00000000776fa000 	C:\Windows\system32\USER32.dll
0x000007fefe2e0000 - 0x000007fefe347000 	C:\Windows\system32\GDI32.dll
0x000007fefe2d0000 - 0x000007fefe2de000 	C:\Windows\system32\LPK.dll
0x000007fefdfc0000 - 0x000007fefe089000 	C:\Windows\system32\USP10.dll
0x000007fefc1d0000 - 0x000007fefc3c4000 	C:\Windows\WinSxS\amd64_microsoft.windows.common-controls_6595b64144ccf1df_6.0.7601.17514_none_fa396087175ac9ac\COMCTL32.dll
0x000007fefda80000 - 0x000007fefdaf1000 	C:\Windows\system32\SHLWAPI.dll
0x000007fefda30000 - 0x000007fefda5e000 	C:\Windows\system32\IMM32.DLL
0x000007feffa20000 - 0x000007feffb29000 	C:\Windows\system32\MSCTF.dll
0x0000000070c90000 - 0x0000000070d61000 	C:\Program Files\Java\jre7\bin\msvcr100.dll
0x0000000063850000 - 0x0000000063f1d000 	C:\Program Files\Java\jre7\bin\server\jvm.dll
0x000007fefb230000 - 0x000007fefb239000 	C:\Windows\system32\WSOCK32.dll
0x000007fefe3b0000 - 0x000007fefe3fd000 	C:\Windows\system32\WS2_32.dll
0x000007fefe930000 - 0x000007fefe938000 	C:\Windows\system32\NSI.dll
0x000007fefb8e0000 - 0x000007fefb91b000 	C:\Windows\system32\WINMM.dll
0x00000000779e0000 - 0x00000000779e7000 	C:\Windows\system32\PSAPI.DLL
0x00000000740e0000 - 0x00000000740ef000 	C:\Program Files\Java\jre7\bin\verify.dll
0x0000000071dd0000 - 0x0000000071df8000 	C:\Program Files\Java\jre7\bin\java.dll
0x0000000071d70000 - 0x0000000071da5000 	C:\Program Files\Java\jre7\bin\jdwp.dll
0x0000000074fd0000 - 0x0000000074fd8000 	C:\Program Files\Java\jre7\bin\npt.dll
0x00000000729d0000 - 0x00000000729e5000 	C:\Program Files\Java\jre7\bin\zip.dll
0x00000000740d0000 - 0x00000000740d9000 	C:\Program Files\Java\jre7\bin\dt_socket.dll
0x000007fefaf20000 - 0x000007fefaf35000 	C:\Windows\system32\NLAapi.dll
0x000007fef3570000 - 0x000007fef3585000 	C:\Windows\system32\napinsp.dll
0x000007fef3550000 - 0x000007fef3569000 	C:\Windows\system32\pnrpnsp.dll
0x000007fef3520000 - 0x000007fef354e000 	C:\Program Files\Common Files\Microsoft Shared\Windows Live\WLIDNSP.DLL
0x000007fefce30000 - 0x000007fefce85000 	C:\Windows\System32\mswsock.dll
0x000007fefccb0000 - 0x000007fefcd0b000 	C:\Windows\system32\DNSAPI.dll
0x000007fef3510000 - 0x000007fef351b000 	C:\Windows\System32\winrnr.dll
0x0000000072a00000 - 0x0000000072a26000 	C:\Program Files\Bonjour\mdnsNSP.dll
0x000007fefad10000 - 0x000007fefad37000 	C:\Windows\system32\Iphlpapi.DLL
0x000007fefad00000 - 0x000007fefad0b000 	C:\Windows\system32\WINNSI.DLL
0x000007fefab90000 - 0x000007fefabe3000 	C:\Windows\System32\fwpuclnt.dll
0x000007fef3500000 - 0x000007fef3508000 	C:\Windows\system32\rasadhlp.dll
0x000007fefc7e0000 - 0x000007fefc7e7000 	C:\Windows\System32\wshtcpip.dll
0x0000000065580000 - 0x0000000065610000 	C:\Users\Nathaniel\AppData\Local\Temp\libgdxNathaniel\3483125498\gdx64.dll
0x0000000180000000 - 0x0000000180050000 	C:\Users\Nathaniel\AppData\Local\Temp\libgdxNathaniel\1284024257\lwjgl64.dll
0x000007fee50d0000 - 0x000007fee51ed000 	C:\Windows\system32\OPENGL32.dll
0x000007fef2280000 - 0x000007fef22ad000 	C:\Windows\system32\GLU32.dll
0x000007fef1610000 - 0x000007fef1701000 	C:\Windows\system32\DDRAW.dll
0x000007fefb9e0000 - 0x000007fefb9e8000 	C:\Windows\system32\DCIMAN32.dll
0x000007fefe750000 - 0x000007fefe927000 	C:\Windows\system32\SETUPAPI.dll
0x000007fefd9e0000 - 0x000007fefda16000 	C:\Windows\system32\CFGMGR32.dll
0x000007fefe090000 - 0x000007fefe167000 	C:\Windows\system32\OLEAUT32.dll
0x000007feff810000 - 0x000007feffa13000 	C:\Windows\system32\ole32.dll
0x000007fefd9c0000 - 0x000007fefd9da000 	C:\Windows\system32\DEVOBJ.dll
0x000007fefb720000 - 0x000007fefb738000 	C:\Windows\system32\dwmapi.dll
0x000007fefc6f0000 - 0x000007fefc6fc000 	C:\Windows\system32\VERSION.dll
0x0000000002190000 - 0x00000000021f4000 	C:\Users\NATHAN~1\AppData\Local\Temp\libgdxNathaniel\1284024257\OpenAL64.dll
0x000007fefe940000 - 0x000007feff6c8000 	C:\Windows\system32\SHELL32.dll
0x000007fefd530000 - 0x000007fefd53f000 	C:\Windows\system32\CRYPTBASE.dll
0x000007fefbff0000 - 0x000007fefc046000 	C:\Windows\system32\uxtheme.dll
0x000007feeef40000 - 0x000007feeefbf000 	C:\Program Files\Common Files\microsoft shared\ink\tiptsf.dll
0x000007feff6d0000 - 0x000007feff769000 	C:\Windows\system32\CLBCatQ.DLL
0x000007fefc050000 - 0x000007fefc17c000 	C:\Windows\System32\PROPSYS.dll
0x000007fefd6c0000 - 0x000007fefd6f9000 	C:\Windows\system32\WINTRUST.dll
0x000007fefd830000 - 0x000007fefd99a000 	C:\Windows\system32\CRYPT32.dll
0x000007fefd6a0000 - 0x000007fefd6af000 	C:\Windows\system32\MSASN1.dll
0x000007fefb920000 - 0x000007fefb9a8000 	C:\Windows\system32\dsound.dll
0x000007fefc6c0000 - 0x000007fefc6ec000 	C:\Windows\system32\POWRPROF.dll
0x000007fefbb30000 - 0x000007fefbb7b000 	C:\Windows\System32\MMDevApi.dll
0x000007fefb150000 - 0x000007fefb19f000 	C:\Windows\system32\AUDIOSES.DLL
0x000007fef4820000 - 0x000007fef4829000 	C:\Windows\system32\atig6pxx.dll
0x0000000052bf0000 - 0x00000000542d3000 	C:\Windows\system32\atio6axx.dll
0x000007fefad40000 - 0x000007fefade6000 	C:\Windows\system32\atiadlxx.dll
0x000007fefc900000 - 0x000007fefc91e000 	C:\Windows\system32\USERENV.dll
0x000007fefd600000 - 0x000007fefd60f000 	C:\Windows\system32\profapi.dll
0x000007fefc7c0000 - 0x000007fefc7d1000 	C:\Windows\system32\WTSAPI32.dll
0x000007fef3380000 - 0x000007fef349e000 	C:\Windows\system32\aticfx64.dll
0x000007fef4810000 - 0x000007fef481e000 	C:\Windows\system32\atig6txx.dll
0x000007fefa5b0000 - 0x000007fefa604000 	C:\Windows\system32\oleacc.dll
0x000007fef09a0000 - 0x000007fef0a3c000 	C:\Windows\system32\mscms.dll
0x000007fef1a90000 - 0x000007fef1ad2000 	C:\Windows\system32\icm32.dll
0x000007fefce90000 - 0x000007fefcea7000 	C:\Windows\system32\CRYPTSP.dll
0x000007fefcb90000 - 0x000007fefcbd7000 	C:\Windows\system32\rsaenh.dll
0x000007fefd5e0000 - 0x000007fefd5f4000 	C:\Windows\system32\RpcRtRemote.dll
0x000007feef890000 - 0x000007feef9b5000 	C:\Windows\system32\dbghelp.dll

VM Arguments:
jvm_args: -agentlib:jdwp=transport=dt_socket,suspend=y,address=localhost:50277 -Dfile.encoding=Cp1252 
java_command: com.punchline.microspace.Main
Launcher Type: SUN_STANDARD

Environment Variables:
JAVA_HOME=C:\Program Files (x86)\Java\jdk1.7.0_06\bin
PATH=C:\Program Files (x86)\AMD APP\bin\x86_64;C:\Program Files (x86)\AMD APP\bin\x86;C:\Program Files (x86)\NVIDIA Corporation\PhysX\Common;C:\Program Files\Common Files\Microsoft Shared\Windows Live;C:\Program Files (x86)\Common Files\Microsoft Shared\Windows Live;C:\Windows\system32;C:\Windows;C:\Windows\System32\Wbem;C:\Windows\System32\WindowsPowerShell\v1.0\;c:\Program Files (x86)\Common Files\Roxio Shared\DLLShared\;c:\Program Files (x86)\Common Files\Roxio Shared\DLLShared\;c:\Program Files (x86)\Common Files\Roxio Shared\12.0\DLLShared\;C:\Program Files (x86)\Windows Live\Shared;PROGRAMFILES\Internet Explorer;C:\Program Files (x86)\ATI Technologies\ATI.ACE\Core-Static;c:\Program Files\Microsoft SQL Server\110\Tools\Binn\;c:\Program Files (x86)\Microsoft SQL Server\110\Tools\Binn\;c:\Program Files\Microsoft SQL Server\110\DTS\Binn\;c:\Program Files (x86)\Microsoft SQL Server\110\Tools\Binn\ManagementStudio\;c:\Program Files (x86)\Microsoft SQL Server\110\DTS\Binn\;C:\Program Files\TortoiseGit\bin;C:\Program Files\TortoiseSVN\bin;;C:\Motion-Twin\Haxe\;C:\Motion-Twin\neko
USERNAME=Nathaniel
OS=Windows_NT
PROCESSOR_IDENTIFIER=Intel64 Family 6 Model 42 Stepping 7, GenuineIntel



---------------  S Y S T E M  ---------------

OS: Windows 7 , 64 bit Build 7601 Service Pack 1

CPU:total 4 (4 cores per cpu, 1 threads per core) family 6 model 42 stepping 7, cmov, cx8, fxsr, mmx, sse, sse2, sse3, ssse3, sse4.1, sse4.2, popcnt

Memory: 4k page, physical 4176428k(1449880k free), swap 8350996k(3597816k free)

vm_info: Java HotSpot(TM) 64-Bit Server VM (21.1-b02) for windows-amd64 JRE (1.7.0_01-b08), built on Oct  3 2011 01:39:25 by "java_re" with unknown MS VC++:1600

time: Wed Jul 24 17:16:49 2013
elapsed time: 363 seconds

