#
# A fatal error has been detected by the Java Runtime Environment:
#
#  EXCEPTION_ACCESS_VIOLATION (0xc0000005) at pc=0x00000000655a1b8d, pid=4988, tid=1704
#
# JRE version: 7.0_01-b08
# Java VM: Java HotSpot(TM) 64-Bit Server VM (21.1-b02 mixed mode windows-amd64 compressed oops)
# Problematic frame:
# C  [gdx64.dll+0x21b8d]
#
# Failed to write core dump. Minidumps are not enabled by default on client versions of Windows
#
# If you would like to submit a bug report, please visit:
#   http://bugreport.sun.com/bugreport/crash.jsp
# The crash happened outside the Java Virtual Machine in native code.
# See problematic frame for where to report the bug.
#

---------------  T H R E A D  ---------------

Current thread (0x00000000063da800):  JavaThread "LWJGL Application" [_thread_in_native, id=1704, stack(0x00000000088f0000,0x00000000089f0000)]

siginfo: ExceptionCode=0xc0000005, reading address 0x00000000002acd40

Registers:
RAX=0x00000000002accd0, RBX=0x00000000002b8e70, RCX=0x000000000000002a, RDX=0x00000000002b8e70
RSP=0x00000000089eedc0, RBP=0x00000000089eef30, RSI=0x0000000000000000, RDI=0x0000000000000000
R8 =0x00000000002b8e70, R9 =0x00000000000000db, R10=0x00000000024c219c, R11=0x000000006343a070
R12=0x0000000000000000, R13=0x00000000bb9c16b0, R14=0x00000000089eef60, R15=0x00000000063da800
RIP=0x00000000655a1b8d, EFLAGS=0x0000000000010202

Top of Stack: (sp=0x00000000089eedc0)
0x00000000089eedc0:   00000000062dea08 00000000063da800
0x00000000089eedd0:   00000000062dea18 000000006332d601
0x00000000089eede0:   00000000063da800 00000000063da800
0x00000000089eedf0:   00000000062dea20 0000000000000000
0x00000000089eee00:   0000000000000000 00000000632fe9ae
0x00000000089eee10:   00000000062dea18 00000000062de9f0
0x00000000089eee20:   00008b17b1716b53 00000000632dd2bf
0x00000000089eee30:   00000000655d3070 00000000655d3928
0x00000000089eee40:   00000000089eee70 00000000655a1c31
0x00000000089eee50:   00000000089eedc0 00000000632f5a70
0x00000000089eee60:   0000000063755248 00000000021c4800
0x00000000089eee70:   00000000089eef30 00000000655aae75
0x00000000089eee80:   00000000002b8e70 00000000024cd0e3
0x00000000089eee90:   00000000024b5350 0000000063331e10
0x00000000089eeea0:   00000000bb9c16b0 00000000024c21c9
0x00000000089eeeb0:   00000000089eef50 00000000632f5c8e 

Instructions: (pc=0x00000000655a1b8d)
0x00000000655a1b6d:   c0 00 00 00 48 8b 82 20 93 01 00 48 85 c0 75 10
0x00000000655a1b7d:   eb 54 90 48 83 7c 24 20 00 74 4b 48 8b 44 24 20
0x00000000655a1b8d:   48 8b 48 70 48 8b 50 68 48 85 c9 48 89 54 24 20
0x00000000655a1b9d:   74 e1 48 8b 41 08 48 8b 94 24 c0 00 00 00 c7 41 


Register to memory mapping:

RAX=0x00000000002accd0 is an unknown value
RBX=0x00000000002b8e70 is an unknown value
RCX=0x000000000000002a is an unknown value
RDX=0x00000000002b8e70 is an unknown value
RSP=0x00000000089eedc0 is pointing into the stack for thread: 0x00000000063da800
RBP=0x00000000089eef30 is pointing into the stack for thread: 0x00000000063da800
RSI=0x0000000000000000 is an unknown value
RDI=0x0000000000000000 is an unknown value
R8 =0x00000000002b8e70 is an unknown value
R9 =0x00000000000000db is an unknown value
R10=0x00000000024c219c is an Interpreter codelet
method entry point (kind = native)  [0x00000000024c1f20, 0x00000000024c27a0]  2176 bytes
R11=0x000000006343a070 is an unknown value
R12=0x0000000000000000 is an unknown value
R13=0x00000000bb9c16b0 is an oop
{method} 
 - klass: {other class}
R14=0x00000000089eef60 is pointing into the stack for thread: 0x00000000063da800
R15=0x00000000063da800 is a thread


Stack: [0x00000000088f0000,0x00000000089f0000],  sp=0x00000000089eedc0,  free space=1019k
Native frames: (J=compiled Java code, j=interpreted, Vv=VM code, C=native code)
C  [gdx64.dll+0x21b8d]
j  com.badlogic.gdx.physics.box2d.World.dispose()V+5
j  com.punchline.javalib.entities.EntityWorld.dispose()V+11
j  com.punchline.microspace.Worlds.dispose()V+21
j  com.punchline.microspace.screens.MainMenuScreen.onQuitPressed()V+0
j  com.punchline.microspace.screens.MainMenuScreen.access$2(Lcom/punchline/microspace/screens/MainMenuScreen;)V+1
j  com.punchline.microspace.screens.MainMenuScreen$3.touchUp(Lcom/badlogic/gdx/scenes/scene2d/InputEvent;FFII)V+15
j  com.badlogic.gdx.scenes.scene2d.InputListener.handle(Lcom/badlogic/gdx/scenes/scene2d/Event;)Z+196
j  com.badlogic.gdx.scenes.scene2d.Stage.touchUp(IIII)Z+214
j  com.badlogic.gdx.backends.lwjgl.LwjglInput.processEvents()V+283
j  com.badlogic.gdx.backends.lwjgl.LwjglApplication.mainLoop()V+635
j  com.badlogic.gdx.backends.lwjgl.LwjglApplication$1.run()V+27
v  ~StubRoutines::call_stub
V  [jvm.dll+0x1a4366]

Java frames: (J=compiled Java code, j=interpreted, Vv=VM code)
j  com.badlogic.gdx.physics.box2d.World.jniDispose(J)V+0
j  com.badlogic.gdx.physics.box2d.World.dispose()V+5
j  com.punchline.javalib.entities.EntityWorld.dispose()V+11
j  com.punchline.microspace.Worlds.dispose()V+21
j  com.punchline.microspace.screens.MainMenuScreen.onQuitPressed()V+0
j  com.punchline.microspace.screens.MainMenuScreen.access$2(Lcom/punchline/microspace/screens/MainMenuScreen;)V+1
j  com.punchline.microspace.screens.MainMenuScreen$3.touchUp(Lcom/badlogic/gdx/scenes/scene2d/InputEvent;FFII)V+15
j  com.badlogic.gdx.scenes.scene2d.InputListener.handle(Lcom/badlogic/gdx/scenes/scene2d/Event;)Z+196
j  com.badlogic.gdx.scenes.scene2d.Stage.touchUp(IIII)Z+214
j  com.badlogic.gdx.backends.lwjgl.LwjglInput.processEvents()V+283
j  com.badlogic.gdx.backends.lwjgl.LwjglApplication.mainLoop()V+635
j  com.badlogic.gdx.backends.lwjgl.LwjglApplication$1.run()V+27
v  ~StubRoutines::call_stub

---------------  P R O C E S S  ---------------

Java Threads: ( => current thread )
  0x000000000769b000 JavaThread "LWJGL Timer" daemon [_thread_blocked, id=1028, stack(0x000000000a9a0000,0x000000000aaa0000)]
  0x000000000213c000 JavaThread "DestroyJavaVM" [_thread_blocked, id=5232, stack(0x00000000023b0000,0x00000000024b0000)]
=>0x00000000063da800 JavaThread "LWJGL Application" [_thread_in_native, id=1704, stack(0x00000000088f0000,0x00000000089f0000)]
  0x00000000062ee000 JavaThread "Service Thread" daemon [_thread_blocked, id=5584, stack(0x0000000007390000,0x0000000007490000)]
  0x00000000062e9000 JavaThread "C2 CompilerThread1" daemon [_thread_blocked, id=5392, stack(0x00000000071c0000,0x00000000072c0000)]
  0x00000000062e3000 JavaThread "C2 CompilerThread0" daemon [_thread_blocked, id=1844, stack(0x0000000006ee0000,0x0000000006fe0000)]
  0x00000000062e0000 JavaThread "Attach Listener" daemon [_thread_blocked, id=1016, stack(0x0000000007010000,0x0000000007110000)]
  0x00000000062da800 JavaThread "Signal Dispatcher" daemon [_thread_blocked, id=5416, stack(0x0000000006db0000,0x0000000006eb0000)]
  0x0000000002234000 JavaThread "Finalizer" daemon [_thread_blocked, id=5356, stack(0x0000000006b70000,0x0000000006c70000)]
  0x000000000222a800 JavaThread "Reference Handler" daemon [_thread_blocked, id=4484, stack(0x0000000006980000,0x0000000006a80000)]

Other Threads:
  0x0000000002225800 VMThread [stack: 0x0000000006770000,0x0000000006870000] [id=6036]
  0x0000000006306800 WatcherThread [stack: 0x0000000005900000,0x0000000005a00000] [id=4968]

VM state:not at safepoint (normal execution)

VM Mutex/Monitor currently owned by a thread: None

Heap
 PSYoungGen      total 19392K, used 14117K [0x00000000eac00000, 0x00000000ec3b0000, 0x0000000100000000)
  eden space 15296K, 89% used [0x00000000eac00000,0x00000000eb96d610,0x00000000ebaf0000)
  from space 4096K, 8% used [0x00000000ebb40000,0x00000000ebb9c198,0x00000000ebf40000)
  to   space 4480K, 0% used [0x00000000ebf50000,0x00000000ebf50000,0x00000000ec3b0000)
 PSOldGen        total 43520K, used 3855K [0x00000000c0400000, 0x00000000c2e80000, 0x00000000eac00000)
  object space 43520K, 8% used [0x00000000c0400000,0x00000000c07c3d10,0x00000000c2e80000)
 PSPermGen       total 21248K, used 8635K [0x00000000bb200000, 0x00000000bc6c0000, 0x00000000c0400000)
  object space 21248K, 40% used [0x00000000bb200000,0x00000000bba6ec10,0x00000000bc6c0000)

Code Cache  [0x00000000024b0000, 0x0000000002720000, 0x00000000054b0000)
 total_blobs=725 nmethods=314 adapters=362 free_code_cache=48122Kb largest_free_block=49241216

Dynamic libraries:
0x000000013f9e0000 - 0x000000013fa13000 	C:\Program Files\Java\jre7\bin\javaw.exe
0x0000000077100000 - 0x00000000772a9000 	C:\Windows\SYSTEM32\ntdll.dll
0x0000000076ee0000 - 0x0000000076fff000 	C:\Windows\system32\kernel32.dll
0x000007fefd070000 - 0x000007fefd0db000 	C:\Windows\system32\KERNELBASE.dll
0x000007fefd940000 - 0x000007fefda1b000 	C:\Windows\system32\ADVAPI32.dll
0x000007fefe2a0000 - 0x000007fefe33f000 	C:\Windows\system32\msvcrt.dll
0x000007fefd520000 - 0x000007fefd53f000 	C:\Windows\SYSTEM32\sechost.dll
0x000007fefd320000 - 0x000007fefd44d000 	C:\Windows\system32\RPCRT4.dll
0x0000000077000000 - 0x00000000770fa000 	C:\Windows\system32\USER32.dll
0x000007fefd6f0000 - 0x000007fefd757000 	C:\Windows\system32\GDI32.dll
0x000007feff1d0000 - 0x000007feff1de000 	C:\Windows\system32\LPK.dll
0x000007fefd450000 - 0x000007fefd519000 	C:\Windows\system32\USP10.dll
0x000007fefb910000 - 0x000007fefbb04000 	C:\Windows\WinSxS\amd64_microsoft.windows.common-controls_6595b64144ccf1df_6.0.7601.17514_none_fa396087175ac9ac\COMCTL32.dll
0x000007fefdcd0000 - 0x000007fefdd41000 	C:\Windows\system32\SHLWAPI.dll
0x000007fefdf40000 - 0x000007fefdf6e000 	C:\Windows\system32\IMM32.DLL
0x000007fefde30000 - 0x000007fefdf39000 	C:\Windows\system32\MSCTF.dll
0x0000000070c70000 - 0x0000000070d41000 	C:\Program Files\Java\jre7\bin\msvcr100.dll
0x0000000063280000 - 0x000000006394d000 	C:\Program Files\Java\jre7\bin\server\jvm.dll
0x000007fefa3b0000 - 0x000007fefa3b9000 	C:\Windows\system32\WSOCK32.dll
0x000007fefd540000 - 0x000007fefd58d000 	C:\Windows\system32\WS2_32.dll
0x000007fefd310000 - 0x000007fefd318000 	C:\Windows\system32\NSI.dll
0x000007fefb6a0000 - 0x000007fefb6db000 	C:\Windows\system32\WINMM.dll
0x00000000772d0000 - 0x00000000772d7000 	C:\Windows\system32\PSAPI.DLL
0x00000000719a0000 - 0x00000000719af000 	C:\Program Files\Java\jre7\bin\verify.dll
0x0000000071970000 - 0x0000000071998000 	C:\Program Files\Java\jre7\bin\java.dll
0x0000000071950000 - 0x0000000071965000 	C:\Program Files\Java\jre7\bin\zip.dll
0x0000000065580000 - 0x0000000065610000 	C:\Users\Nathaniel\AppData\Local\Temp\libgdxNathaniel\3998920315\gdx64.dll
0x0000000180000000 - 0x0000000180050000 	C:\Users\Nathaniel\AppData\Local\Temp\libgdxNathaniel\1284024257\lwjgl64.dll
0x000007feef710000 - 0x000007feef82d000 	C:\Windows\system32\OPENGL32.dll
0x000007fef2350000 - 0x000007fef237d000 	C:\Windows\system32\GLU32.dll
0x000007feeafa0000 - 0x000007feeb091000 	C:\Windows\system32\DDRAW.dll
0x000007fefa880000 - 0x000007fefa888000 	C:\Windows\system32\DCIMAN32.dll
0x000007fefd760000 - 0x000007fefd937000 	C:\Windows\system32\SETUPAPI.dll
0x000007fefd030000 - 0x000007fefd066000 	C:\Windows\system32\CFGMGR32.dll
0x000007fefdd50000 - 0x000007fefde27000 	C:\Windows\system32\OLEAUT32.dll
0x000007feff200000 - 0x000007feff403000 	C:\Windows\system32\ole32.dll
0x000007fefd100000 - 0x000007fefd11a000 	C:\Windows\system32\DEVOBJ.dll
0x000007fefa940000 - 0x000007fefa958000 	C:\Windows\system32\dwmapi.dll
0x000007fefbfd0000 - 0x000007fefbfdc000 	C:\Windows\system32\VERSION.dll
0x0000000001bc0000 - 0x0000000001c24000 	C:\Users\NATHAN~1\AppData\Local\Temp\libgdxNathaniel\1284024257\OpenAL64.dll
0x000007fefe3e0000 - 0x000007feff168000 	C:\Windows\system32\SHELL32.dll
0x000007fefce10000 - 0x000007fefce1f000 	C:\Windows\system32\CRYPTBASE.dll
0x000007fefb4b0000 - 0x000007fefb506000 	C:\Windows\system32\uxtheme.dll
0x000007feee350000 - 0x000007feee3cf000 	C:\Program Files\Common Files\microsoft shared\ink\tiptsf.dll
0x000007fefdf70000 - 0x000007fefe009000 	C:\Windows\system32\CLBCatQ.DLL
0x000007fefb790000 - 0x000007fefb8bc000 	C:\Windows\System32\PROPSYS.dll
0x000007fefd290000 - 0x000007fefd2c9000 	C:\Windows\system32\WINTRUST.dll
0x000007fefd120000 - 0x000007fefd28a000 	C:\Windows\system32\CRYPT32.dll
0x000007fefcf80000 - 0x000007fefcf8f000 	C:\Windows\system32\MSASN1.dll
0x000007fefb3e0000 - 0x000007fefb468000 	C:\Windows\system32\dsound.dll
0x000007fefbfa0000 - 0x000007fefbfcc000 	C:\Windows\system32\POWRPROF.dll
0x000007fefb650000 - 0x000007fefb69b000 	C:\Windows\System32\MMDevApi.dll
0x000007fefb360000 - 0x000007fefb3af000 	C:\Windows\system32\AUDIOSES.DLL
0x000007fefa8a0000 - 0x000007fefa8a9000 	C:\Windows\system32\atig6pxx.dll
0x000000005f780000 - 0x0000000060e63000 	C:\Windows\system32\atio6axx.dll
0x000007fefa2d0000 - 0x000007fefa376000 	C:\Windows\system32\atiadlxx.dll
0x000007fefc1d0000 - 0x000007fefc1ee000 	C:\Windows\system32\USERENV.dll
0x000007fefcee0000 - 0x000007fefceef000 	C:\Windows\system32\profapi.dll
0x000007fefc0a0000 - 0x000007fefc0b1000 	C:\Windows\system32\WTSAPI32.dll
0x000007fefb070000 - 0x000007fefb097000 	C:\Windows\system32\IPHLPAPI.DLL
0x000007fefb050000 - 0x000007fefb05b000 	C:\Windows\system32\WINNSI.DLL
0x000007fef5910000 - 0x000007fef5a2e000 	C:\Windows\system32\aticfx64.dll
0x000007fefb8e0000 - 0x000007fefb8ee000 	C:\Windows\system32\atig6txx.dll
0x000007fef9c00000 - 0x000007fef9c54000 	C:\Windows\system32\oleacc.dll
0x000007feeb1e0000 - 0x000007feeb27c000 	C:\Windows\system32\mscms.dll
0x000007fef14d0000 - 0x000007fef1512000 	C:\Windows\system32\icm32.dll
0x000007fefc790000 - 0x000007fefc7a7000 	C:\Windows\system32\CRYPTSP.dll
0x000007fefc490000 - 0x000007fefc4d7000 	C:\Windows\system32\rsaenh.dll
0x000007fefcec0000 - 0x000007fefced4000 	C:\Windows\system32\RpcRtRemote.dll

VM Arguments:
jvm_args: -Dfile.encoding=Cp1252 
java_command: com.punchline.microspace.Main
Launcher Type: SUN_STANDARD

Environment Variables:
JAVA_HOME=C:\Program Files (x86)\Java\jdk1.7.0_06\bin
PATH=C:\Program Files (x86)\AMD APP\bin\x86_64;C:\Program Files (x86)\AMD APP\bin\x86;C:\Program Files (x86)\NVIDIA Corporation\PhysX\Common;C:\Program Files\Common Files\Microsoft Shared\Windows Live;C:\Program Files (x86)\Common Files\Microsoft Shared\Windows Live;C:\Windows\system32;C:\Windows;C:\Windows\System32\Wbem;C:\Windows\System32\WindowsPowerShell\v1.0\;c:\Program Files (x86)\Common Files\Roxio Shared\DLLShared\;c:\Program Files (x86)\Common Files\Roxio Shared\DLLShared\;c:\Program Files (x86)\Common Files\Roxio Shared\12.0\DLLShared\;C:\Program Files (x86)\Windows Live\Shared;C:\Program Files\Internet Explorer;C:\Program Files (x86)\ATI Technologies\ATI.ACE\Core-Static;c:\Program Files\Microsoft SQL Server\110\Tools\Binn\;c:\Program Files (x86)\Microsoft SQL Server\110\Tools\Binn\;c:\Program Files\Microsoft SQL Server\110\DTS\Binn\;c:\Program Files (x86)\Microsoft SQL Server\110\Tools\Binn\ManagementStudio\;c:\Program Files (x86)\Microsoft SQL Server\110\DTS\Binn\;C:\Program Files\TortoiseGit\bin;C:\Program Files\TortoiseSVN\bin;;C:\Motion-Twin\Haxe\;C:\Motion-Twin\neko
USERNAME=Nathaniel
OS=Windows_NT
PROCESSOR_IDENTIFIER=Intel64 Family 6 Model 42 Stepping 7, GenuineIntel



---------------  S Y S T E M  ---------------

OS: Windows 7 , 64 bit Build 7601 Service Pack 1

CPU:total 4 (4 cores per cpu, 1 threads per core) family 6 model 42 stepping 7, cmov, cx8, fxsr, mmx, sse, sse2, sse3, ssse3, sse4.1, sse4.2, popcnt

Memory: 4k page, physical 4176428k(2067464k free), swap 8350996k(5171524k free)

vm_info: Java HotSpot(TM) 64-Bit Server VM (21.1-b02) for windows-amd64 JRE (1.7.0_01-b08), built on Oct  3 2011 01:39:25 by "java_re" with unknown MS VC++:1600

time: Sat Jul 27 17:11:49 2013
elapsed time: 57 seconds

