#
# A fatal error has been detected by the Java Runtime Environment:
#
#  EXCEPTION_ACCESS_VIOLATION (0xc0000005) at pc=0x00000000655a1b71, pid=6056, tid=2240
#
# JRE version: 7.0_01-b08
# Java VM: Java HotSpot(TM) 64-Bit Server VM (21.1-b02 mixed mode windows-amd64 compressed oops)
# Problematic frame:
# C  [gdx64.dll+0x21b71]
#
# Failed to write core dump. Minidumps are not enabled by default on client versions of Windows
#
# If you would like to submit a bug report, please visit:
#   http://bugreport.sun.com/bugreport/crash.jsp
# The crash happened outside the Java Virtual Machine in native code.
# See problematic frame for where to report the bug.
#

---------------  T H R E A D  ---------------

Current thread (0x000000000602c000):  JavaThread "LWJGL Application" [_thread_in_native, id=2240, stack(0x0000000008770000,0x0000000008870000)]

siginfo: ExceptionCode=0xc0000005, reading address 0x00000000003e4a60

Registers:
RAX=0x0000000000000001, RBX=0x00000000003cb740, RCX=0x000000000000002d, RDX=0x00000000003cb740
RSP=0x000000000886f2a0, RBP=0x000000000886f408, RSI=0x00000000bb831d68, RDI=0x00000000bb7214f8
R8 =0x00000000003cb740, R9 =0x00000000ec00bb48, R10=0x0000000002618a35, R11=0x0000000063a0a070
R12=0x0000000000000000, R13=0x00000000bb87b340, R14=0x000000000886f438, R15=0x000000000602c000
RIP=0x00000000655a1b71, EFLAGS=0x0000000000010206

Top of Stack: (sp=0x000000000886f2a0)
0x000000000886f2a0:   0000000000000000 000000000886f2c0
0x000000000886f2b0:   000000000886f318 00000000026060d8
0x000000000886f2c0:   00000000eb98a970 00000000eb988968
0x000000000886f2d0:   00000000eb98b740 000000000886f2d8
0x000000000886f2e0:   0000000000000000 000000000886f360
0x000000000886f2f0:   00000000bb8245f8 0000000000000000
0x000000000886f300:   00000000bb81a790 0000000000000000
0x000000000886f310:   00000000655d2e90 00000000655d3748
0x000000000886f320:   000000000886f350 00000000655a1c31
0x000000000886f330:   000000000886f2a0 00000000eb98b6a0
0x000000000886f340:   0000000000000001 00000000eb98b6a0
0x000000000886f350:   000000000886f408 00000000655aad75
0x000000000886f360:   00000000003cb740 000000000886f368
0x000000000886f370:   00000000bb7401bd 000000000886f3c0
0x000000000886f380:   00000000bb87b340 0000000002618a62
0x000000000886f390:   00000000bb7401e0 0000000000000000 

Instructions: (pc=0x00000000655a1b71)
0x00000000655a1b51:   00 00 00 48 89 84 24 80 00 00 00 48 89 94 24 88
0x00000000655a1b61:   00 00 00 e8 37 a8 02 00 48 8b 94 24 c0 00 00 00
0x00000000655a1b71:   48 8b 82 20 93 01 00 48 85 c0 75 10 eb 54 90 48
0x00000000655a1b81:   83 7c 24 20 00 74 4b 48 8b 44 24 20 48 8b 48 70 


Register to memory mapping:

RAX=0x0000000000000001 is an unknown value
RBX=0x00000000003cb740 is an unknown value
RCX=0x000000000000002d is an unknown value
RDX=0x00000000003cb740 is an unknown value
RSP=0x000000000886f2a0 is pointing into the stack for thread: 0x000000000602c000
RBP=0x000000000886f408 is pointing into the stack for thread: 0x000000000602c000
RSI=0x00000000bb831d68 is an oop
{instance class} 
 - klass: {other class}
RDI=0x00000000bb7214f8 is an oop
{instance class} 
 - klass: {other class}
R8 =0x00000000003cb740 is an unknown value
R9 =0x00000000ec00bb48 is an oop
java.lang.Class 
 - klass: 'java/lang/Class'
R10=0x0000000002618a35 is an Interpreter codelet
method entry point (kind = native)  [0x0000000002618540, 0x0000000002619400]  3776 bytes
R11=0x0000000063a0a070 is an unknown value
R12=0x0000000000000000 is an unknown value
R13=0x00000000bb87b340 is an oop
{method} 
 - klass: {other class}
R14=0x000000000886f438 is pointing into the stack for thread: 0x000000000602c000
R15=0x000000000602c000 is a thread


Stack: [0x0000000008770000,0x0000000008870000],  sp=0x000000000886f2a0,  free space=1020k
Native frames: (J=compiled Java code, j=interpreted, Vv=VM code, C=native code)
C  [gdx64.dll+0x21b71]
j  com.badlogic.gdx.physics.box2d.World.dispose()V+5
j  com.punchline.javalib.entities.EntityWorld.dispose()V+11
j  com.punchline.javalib.states.screens.GameplayScreen.dispose()V+4
j  com.punchline.javalib.BaseGame.setScreen(Lcom/badlogic/gdx/Screen;)V+15
j  com.punchline.microspace.screens.MicroGameplayScreen.onPaused()V+16
j  com.punchline.javalib.states.screens.GameplayScreen.pause()V+1
j  com.badlogic.gdx.Game.pause()V+11
j  com.badlogic.gdx.backends.lwjgl.LwjglApplication.mainLoop()V+128
j  com.badlogic.gdx.backends.lwjgl.LwjglApplication$1.run()V+27
v  ~StubRoutines::call_stub
V  [jvm.dll+0x1a4366]

Java frames: (J=compiled Java code, j=interpreted, Vv=VM code)
j  com.badlogic.gdx.physics.box2d.World.jniDispose(J)V+0
j  com.badlogic.gdx.physics.box2d.World.dispose()V+5
j  com.punchline.javalib.entities.EntityWorld.dispose()V+11
j  com.punchline.javalib.states.screens.GameplayScreen.dispose()V+4
j  com.punchline.javalib.BaseGame.setScreen(Lcom/badlogic/gdx/Screen;)V+15
j  com.punchline.microspace.screens.MicroGameplayScreen.onPaused()V+16
j  com.punchline.javalib.states.screens.GameplayScreen.pause()V+1
j  com.badlogic.gdx.Game.pause()V+11
j  com.badlogic.gdx.backends.lwjgl.LwjglApplication.mainLoop()V+128
j  com.badlogic.gdx.backends.lwjgl.LwjglApplication$1.run()V+27
v  ~StubRoutines::call_stub

---------------  P R O C E S S  ---------------

Java Threads: ( => current thread )
  0x000000000602d800 JavaThread "LWJGL Timer" daemon [_thread_blocked, id=6248, stack(0x000000000e4f0000,0x000000000e5f0000)]
  0x000000000602c800 JavaThread "DestroyJavaVM" [_thread_blocked, id=3220, stack(0x0000000002500000,0x0000000002600000)]
=>0x000000000602c000 JavaThread "LWJGL Application" [_thread_in_native, id=2240, stack(0x0000000008770000,0x0000000008870000)]
  0x000000000602b800 JavaThread "Service Thread" daemon [_thread_blocked, id=5184, stack(0x0000000007d60000,0x0000000007e60000)]
  0x0000000006028800 JavaThread "C2 CompilerThread1" daemon [_thread_blocked, id=7844, stack(0x0000000007420000,0x0000000007520000)]
  0x0000000006000800 JavaThread "C2 CompilerThread0" daemon [_thread_blocked, id=8404, stack(0x0000000007920000,0x0000000007a20000)]
  0x0000000005ff1800 JavaThread "JDWP Command Reader" daemon [_thread_in_native, id=2896, stack(0x0000000007a80000,0x0000000007b80000)]
  0x0000000005ff0000 JavaThread "JDWP Event Helper Thread" daemon [_thread_blocked, id=7296, stack(0x0000000007820000,0x0000000007920000)]
  0x0000000005fe8800 JavaThread "JDWP Transport Listener: dt_socket" daemon [_thread_blocked, id=6540, stack(0x00000000072a0000,0x00000000073a0000)]
  0x0000000005fe0800 JavaThread "Attach Listener" daemon [_thread_blocked, id=8880, stack(0x0000000006c30000,0x0000000006d30000)]
  0x0000000005fdb000 JavaThread "Signal Dispatcher" daemon [_thread_blocked, id=3600, stack(0x00000000069f0000,0x0000000006af0000)]
  0x0000000002146800 JavaThread "Finalizer" daemon [_thread_blocked, id=7628, stack(0x0000000006850000,0x0000000006950000)]
  0x000000000213d800 JavaThread "Reference Handler" daemon [_thread_blocked, id=5620, stack(0x0000000006720000,0x0000000006820000)]

Other Threads:
  0x0000000002136000 VMThread [stack: 0x0000000006580000,0x0000000006680000] [id=8692]
  0x0000000006001000 WatcherThread [stack: 0x0000000007ed0000,0x0000000007fd0000] [id=6172]

VM state:not at safepoint (normal execution)

VM Mutex/Monitor currently owned by a thread: None

Heap
 PSYoungGen      total 19072K, used 15880K [0x00000000eac00000, 0x00000000ec140000, 0x0000000100000000)
  eden space 16384K, 85% used [0x00000000eac00000,0x00000000eb9a5610,0x00000000ebc00000)
  from space 2688K, 70% used [0x00000000ebea0000,0x00000000ec07cc10,0x00000000ec140000)
  to   space 2688K, 0% used [0x00000000ebc00000,0x00000000ebc00000,0x00000000ebea0000)
 PSOldGen        total 43520K, used 1226K [0x00000000c0400000, 0x00000000c2e80000, 0x00000000eac00000)
  object space 43520K, 2% used [0x00000000c0400000,0x00000000c0532b30,0x00000000c2e80000)
 PSPermGen       total 21248K, used 7007K [0x00000000bb200000, 0x00000000bc6c0000, 0x00000000c0400000)
  object space 21248K, 32% used [0x00000000bb200000,0x00000000bb8d7e48,0x00000000bc6c0000)

Code Cache  [0x0000000002600000, 0x0000000002870000, 0x0000000005600000)
 total_blobs=559 nmethods=178 adapters=340 free_code_cache=48340Kb largest_free_block=49466304

Dynamic libraries:
0x000000013fd30000 - 0x000000013fd63000 	C:\Program Files\Java\jre7\bin\javaw.exe
0x0000000077820000 - 0x00000000779c9000 	C:\Windows\SYSTEM32\ntdll.dll
0x0000000077700000 - 0x000000007781f000 	C:\Windows\system32\kernel32.dll
0x000007fefd7c0000 - 0x000007fefd82b000 	C:\Windows\system32\KERNELBASE.dll
0x000007fefe420000 - 0x000007fefe4fb000 	C:\Windows\system32\ADVAPI32.dll
0x000007feff770000 - 0x000007feff80f000 	C:\Windows\system32\msvcrt.dll
0x000007fefda60000 - 0x000007fefda7f000 	C:\Windows\SYSTEM32\sechost.dll
0x000007fefe620000 - 0x000007fefe74d000 	C:\Windows\system32\RPCRT4.dll
0x0000000077600000 - 0x00000000776fa000 	C:\Windows\system32\USER32.dll
0x000007fefe2e0000 - 0x000007fefe347000 	C:\Windows\system32\GDI32.dll
0x000007fefe2d0000 - 0x000007fefe2de000 	C:\Windows\system32\LPK.dll
0x000007fefdfc0000 - 0x000007fefe089000 	C:\Windows\system32\USP10.dll
0x000007fefc1d0000 - 0x000007fefc3c4000 	C:\Windows\WinSxS\amd64_microsoft.windows.common-controls_6595b64144ccf1df_6.0.7601.17514_none_fa396087175ac9ac\COMCTL32.dll
0x000007fefda80000 - 0x000007fefdaf1000 	C:\Windows\system32\SHLWAPI.dll
0x000007fefda30000 - 0x000007fefda5e000 	C:\Windows\system32\IMM32.DLL
0x000007feffa20000 - 0x000007feffb29000 	C:\Windows\system32\MSCTF.dll
0x0000000070c90000 - 0x0000000070d61000 	C:\Program Files\Java\jre7\bin\msvcr100.dll
0x0000000063850000 - 0x0000000063f1d000 	C:\Program Files\Java\jre7\bin\server\jvm.dll
0x000007fefb230000 - 0x000007fefb239000 	C:\Windows\system32\WSOCK32.dll
0x000007fefe3b0000 - 0x000007fefe3fd000 	C:\Windows\system32\WS2_32.dll
0x000007fefe930000 - 0x000007fefe938000 	C:\Windows\system32\NSI.dll
0x000007fefb8e0000 - 0x000007fefb91b000 	C:\Windows\system32\WINMM.dll
0x00000000779e0000 - 0x00000000779e7000 	C:\Windows\system32\PSAPI.DLL
0x00000000740e0000 - 0x00000000740ef000 	C:\Program Files\Java\jre7\bin\verify.dll
0x0000000071dd0000 - 0x0000000071df8000 	C:\Program Files\Java\jre7\bin\java.dll
0x0000000071d30000 - 0x0000000071d65000 	C:\Program Files\Java\jre7\bin\jdwp.dll
0x00000000740d0000 - 0x00000000740d8000 	C:\Program Files\Java\jre7\bin\npt.dll
0x00000000729d0000 - 0x00000000729e5000 	C:\Program Files\Java\jre7\bin\zip.dll
0x0000000074fd0000 - 0x0000000074fd9000 	C:\Program Files\Java\jre7\bin\dt_socket.dll
0x000007fefaf20000 - 0x000007fefaf35000 	C:\Windows\system32\NLAapi.dll
0x000007fef3570000 - 0x000007fef3585000 	C:\Windows\system32\napinsp.dll
0x000007fef3550000 - 0x000007fef3569000 	C:\Windows\system32\pnrpnsp.dll
0x000007fef3520000 - 0x000007fef354e000 	C:\Program Files\Common Files\Microsoft Shared\Windows Live\WLIDNSP.DLL
0x000007fefce30000 - 0x000007fefce85000 	C:\Windows\System32\mswsock.dll
0x000007fefccb0000 - 0x000007fefcd0b000 	C:\Windows\system32\DNSAPI.dll
0x000007fef3510000 - 0x000007fef351b000 	C:\Windows\System32\winrnr.dll
0x0000000072a00000 - 0x0000000072a26000 	C:\Program Files\Bonjour\mdnsNSP.dll
0x000007fefad10000 - 0x000007fefad37000 	C:\Windows\system32\Iphlpapi.DLL
0x000007fefad00000 - 0x000007fefad0b000 	C:\Windows\system32\WINNSI.DLL
0x000007fefab90000 - 0x000007fefabe3000 	C:\Windows\System32\fwpuclnt.dll
0x000007fef3500000 - 0x000007fef3508000 	C:\Windows\system32\rasadhlp.dll
0x000007fefc7e0000 - 0x000007fefc7e7000 	C:\Windows\System32\wshtcpip.dll
0x0000000065580000 - 0x0000000065610000 	C:\Users\Nathaniel\AppData\Local\Temp\libgdxNathaniel\3483125498\gdx64.dll
0x0000000180000000 - 0x0000000180050000 	C:\Users\Nathaniel\AppData\Local\Temp\libgdxNathaniel\1284024257\lwjgl64.dll
0x000007feed4f0000 - 0x000007feed60d000 	C:\Windows\system32\OPENGL32.dll
0x000007fef4020000 - 0x000007fef404d000 	C:\Windows\system32\GLU32.dll
0x000007fef1610000 - 0x000007fef1701000 	C:\Windows\system32\DDRAW.dll
0x000007fefb9e0000 - 0x000007fefb9e8000 	C:\Windows\system32\DCIMAN32.dll
0x000007fefe750000 - 0x000007fefe927000 	C:\Windows\system32\SETUPAPI.dll
0x000007fefd9e0000 - 0x000007fefda16000 	C:\Windows\system32\CFGMGR32.dll
0x000007fefe090000 - 0x000007fefe167000 	C:\Windows\system32\OLEAUT32.dll
0x000007feff810000 - 0x000007feffa13000 	C:\Windows\system32\ole32.dll
0x000007fefd9c0000 - 0x000007fefd9da000 	C:\Windows\system32\DEVOBJ.dll
0x000007fefb720000 - 0x000007fefb738000 	C:\Windows\system32\dwmapi.dll
0x000007fefc6f0000 - 0x000007fefc6fc000 	C:\Windows\system32\VERSION.dll
0x0000000005e40000 - 0x0000000005ea4000 	C:\Users\NATHAN~1\AppData\Local\Temp\libgdxNathaniel\1284024257\OpenAL64.dll
0x000007fefe940000 - 0x000007feff6c8000 	C:\Windows\system32\SHELL32.dll
0x000007fefd530000 - 0x000007fefd53f000 	C:\Windows\system32\CRYPTBASE.dll
0x000007fefbff0000 - 0x000007fefc046000 	C:\Windows\system32\uxtheme.dll
0x000007feeef40000 - 0x000007feeefbf000 	C:\Program Files\Common Files\microsoft shared\ink\tiptsf.dll
0x000007feff6d0000 - 0x000007feff769000 	C:\Windows\system32\CLBCatQ.DLL
0x000007fefc050000 - 0x000007fefc17c000 	C:\Windows\System32\PROPSYS.dll
0x000007fefd6c0000 - 0x000007fefd6f9000 	C:\Windows\system32\WINTRUST.dll
0x000007fefd830000 - 0x000007fefd99a000 	C:\Windows\system32\CRYPT32.dll
0x000007fefd6a0000 - 0x000007fefd6af000 	C:\Windows\system32\MSASN1.dll
0x000007fefb920000 - 0x000007fefb9a8000 	C:\Windows\system32\dsound.dll
0x000007fefc6c0000 - 0x000007fefc6ec000 	C:\Windows\system32\POWRPROF.dll
0x000007fefbb30000 - 0x000007fefbb7b000 	C:\Windows\System32\MMDevApi.dll
0x000007fefb150000 - 0x000007fefb19f000 	C:\Windows\system32\AUDIOSES.DLL
0x000007fefc1a0000 - 0x000007fefc1a9000 	C:\Windows\system32\atig6pxx.dll
0x00000000542e0000 - 0x00000000559c3000 	C:\Windows\system32\atio6axx.dll
0x000007fefad40000 - 0x000007fefade6000 	C:\Windows\system32\atiadlxx.dll
0x000007fefc900000 - 0x000007fefc91e000 	C:\Windows\system32\USERENV.dll
0x000007fefd600000 - 0x000007fefd60f000 	C:\Windows\system32\profapi.dll
0x000007fefc7c0000 - 0x000007fefc7d1000 	C:\Windows\system32\WTSAPI32.dll
0x000007fef3380000 - 0x000007fef349e000 	C:\Windows\system32\aticfx64.dll
0x000007fef6750000 - 0x000007fef675e000 	C:\Windows\system32\atig6txx.dll
0x000007fefa5b0000 - 0x000007fefa604000 	C:\Windows\system32\oleacc.dll
0x000007fef09a0000 - 0x000007fef0a3c000 	C:\Windows\system32\mscms.dll
0x000007fef1a90000 - 0x000007fef1ad2000 	C:\Windows\system32\icm32.dll
0x000007fefce90000 - 0x000007fefcea7000 	C:\Windows\system32\CRYPTSP.dll
0x000007fefcb90000 - 0x000007fefcbd7000 	C:\Windows\system32\rsaenh.dll
0x000007fefd5e0000 - 0x000007fefd5f4000 	C:\Windows\system32\RpcRtRemote.dll

VM Arguments:
jvm_args: -agentlib:jdwp=transport=dt_socket,suspend=y,address=localhost:56503 -Dfile.encoding=Cp1252 
java_command: com.punchline.microspace.Main
Launcher Type: SUN_STANDARD

Environment Variables:
JAVA_HOME=C:\Program Files (x86)\Java\jdk1.7.0_06\bin
PATH=C:\Program Files (x86)\AMD APP\bin\x86_64;C:\Program Files (x86)\AMD APP\bin\x86;C:\Program Files (x86)\NVIDIA Corporation\PhysX\Common;C:\Program Files\Common Files\Microsoft Shared\Windows Live;C:\Program Files (x86)\Common Files\Microsoft Shared\Windows Live;C:\Windows\system32;C:\Windows;C:\Windows\System32\Wbem;C:\Windows\System32\WindowsPowerShell\v1.0\;c:\Program Files (x86)\Common Files\Roxio Shared\DLLShared\;c:\Program Files (x86)\Common Files\Roxio Shared\DLLShared\;c:\Program Files (x86)\Common Files\Roxio Shared\12.0\DLLShared\;C:\Program Files (x86)\Windows Live\Shared;PROGRAMFILES\Internet Explorer;C:\Program Files (x86)\ATI Technologies\ATI.ACE\Core-Static;c:\Program Files\Microsoft SQL Server\110\Tools\Binn\;c:\Program Files (x86)\Microsoft SQL Server\110\Tools\Binn\;c:\Program Files\Microsoft SQL Server\110\DTS\Binn\;c:\Program Files (x86)\Microsoft SQL Server\110\Tools\Binn\ManagementStudio\;c:\Program Files (x86)\Microsoft SQL Server\110\DTS\Binn\;C:\Program Files\TortoiseGit\bin;C:\Program Files\TortoiseSVN\bin;;C:\Motion-Twin\Haxe\;C:\Motion-Twin\neko
USERNAME=Nathaniel
OS=Windows_NT
PROCESSOR_IDENTIFIER=Intel64 Family 6 Model 42 Stepping 7, GenuineIntel



---------------  S Y S T E M  ---------------

OS: Windows 7 , 64 bit Build 7601 Service Pack 1

CPU:total 4 (4 cores per cpu, 1 threads per core) family 6 model 42 stepping 7, cmov, cx8, fxsr, mmx, sse, sse2, sse3, ssse3, sse4.1, sse4.2, popcnt

Memory: 4k page, physical 4176428k(1481192k free), swap 8350996k(3630552k free)

vm_info: Java HotSpot(TM) 64-Bit Server VM (21.1-b02) for windows-amd64 JRE (1.7.0_01-b08), built on Oct  3 2011 01:39:25 by "java_re" with unknown MS VC++:1600

time: Wed Jul 24 16:48:47 2013
elapsed time: 123 seconds

