#
# A fatal error has been detected by the Java Runtime Environment:
#
#  EXCEPTION_ACCESS_VIOLATION (0xc0000005) at pc=0x000000006558b37b, pid=7508, tid=6472
#
# JRE version: 7.0_01-b08
# Java VM: Java HotSpot(TM) 64-Bit Server VM (21.1-b02 mixed mode windows-amd64 compressed oops)
# Problematic frame:
# C  [gdx64.dll+0xb37b]
#
# Failed to write core dump. Minidumps are not enabled by default on client versions of Windows
#
# If you would like to submit a bug report, please visit:
#   http://bugreport.sun.com/bugreport/crash.jsp
# The crash happened outside the Java Virtual Machine in native code.
# See problematic frame for where to report the bug.
#

---------------  T H R E A D  ---------------

Current thread (0x0000000008232800):  JavaThread "LWJGL Application" [_thread_in_native, id=6472, stack(0x00000000092b0000,0x00000000093b0000)]

siginfo: ExceptionCode=0xc0000005, reading address 0xffffffffffffffff

Registers:
RAX=0xfeffffffc1194b2e, RBX=0x0000000000000001, RCX=0x000000000044b740, RDX=0x0000000000000000
RSP=0x00000000093af160, RBP=0x00000000093af308, RSI=0x0000000000000000, RDI=0x000000000044b740
R8 =0x000000000044b740, R9 =0x0000000000000000, R10=0x0000000002548a35, R11=0x0000000063a0a070
R12=0x0000000000000000, R13=0x00000000bb896bd8, R14=0x00000000093af338, R15=0x0000000008232800
RIP=0x000000006558b37b, EFLAGS=0x0000000000010202

Top of Stack: (sp=0x00000000093af160)
0x00000000093af160:   00000000093af190 0000000065583743
0x00000000093af170:   00000000093af100 000000000044b740
0x00000000093af180:   000000000044b740 0000000000000000
0x00000000093af190:   00000000eb0dd108 00000000655a1c1d
0x00000000093af1a0:   00000000004649e0 00000000001e94d0
0x00000000093af1b0:   000000000617fc30 000000000617d760
0x00000000093af1c0:   00000000082329d0 0000000071d50df8
0x00000000093af1d0:   0000000008249840 0000000008249580
0x00000000093af1e0:   0000000000000000 00000000ffffffff
0x00000000093af1f0:   00000000001e94d0 0000000071d5a640
0x00000000093af200:   000000000617e230 0000000008249840
0x00000000093af210:   00000000655d2e90 00000000655d3748
0x00000000093af220:   00000000093af250 00000000655a1c31
0x00000000093af230:   00000000093af1a0 00000000082329d0
0x00000000093af240:   0000000006241190 0000000000000000
0x00000000093af250:   00000000093af308 00000000655aad75 

Instructions: (pc=0x000000006558b37b)
0x000000006558b35b:   ff 0f 1f 40 00 57 56 53 48 83 ec 20 8b 41 08 48
0x000000006558b36b:   89 cf 85 c0 7e 1d 31 f6 31 db 48 8b 07 83 c3 01
0x000000006558b37b:   48 8b 4c 30 08 48 83 c6 10 e8 37 09 00 00 39 5f
0x000000006558b38b:   08 7f e7 48 8b 0f 48 83 c4 20 5b 5e 5f e9 23 09 


Register to memory mapping:

RAX=0xfeffffffc1194b2e is an unknown value
RBX=0x0000000000000001 is an unknown value
RCX=0x000000000044b740 is an unknown value
RDX=0x0000000000000000 is an unknown value
RSP=0x00000000093af160 is pointing into the stack for thread: 0x0000000008232800
RBP=0x00000000093af308 is pointing into the stack for thread: 0x0000000008232800
RSI=0x0000000000000000 is an unknown value
RDI=0x000000000044b740 is an unknown value
R8 =0x000000000044b740 is an unknown value
R9 =0x0000000000000000 is an unknown value
R10=0x0000000002548a35 is an Interpreter codelet
method entry point (kind = native)  [0x0000000002548540, 0x0000000002549400]  3776 bytes
R11=0x0000000063a0a070 is an unknown value
R12=0x0000000000000000 is an unknown value
R13=0x00000000bb896bd8 is an oop
{method} 
 - klass: {other class}
R14=0x00000000093af338 is pointing into the stack for thread: 0x0000000008232800
R15=0x0000000008232800 is a thread


Stack: [0x00000000092b0000,0x00000000093b0000],  sp=0x00000000093af160,  free space=1020k
Native frames: (J=compiled Java code, j=interpreted, Vv=VM code, C=native code)
C  [gdx64.dll+0xb37b]
j  com.badlogic.gdx.physics.box2d.World.dispose()V+5
j  com.punchline.javalib.entities.EntityWorld.dispose()V+11
j  com.punchline.javalib.states.screens.GameplayScreen.dispose()V+4
j  com.punchline.javalib.states.screens.PauseMenuScreen.onQuitPressed()V+4
j  com.punchline.javalib.states.screens.PauseMenuScreen$2.touchUp(Lcom/badlogic/gdx/scenes/scene2d/InputEvent;FFII)V+15
j  com.badlogic.gdx.scenes.scene2d.InputListener.handle(Lcom/badlogic/gdx/scenes/scene2d/Event;)Z+196
j  com.badlogic.gdx.scenes.scene2d.Stage.touchUp(IIII)Z+214
j  com.badlogic.gdx.backends.lwjgl.LwjglInput.processEvents()V+283
j  com.badlogic.gdx.backends.lwjgl.LwjglApplication.mainLoop()V+511
j  com.badlogic.gdx.backends.lwjgl.LwjglApplication$1.run()V+27
v  ~StubRoutines::call_stub
V  [jvm.dll+0x1a4366]

Java frames: (J=compiled Java code, j=interpreted, Vv=VM code)
j  com.badlogic.gdx.physics.box2d.World.jniDispose(J)V+0
j  com.badlogic.gdx.physics.box2d.World.dispose()V+5
j  com.punchline.javalib.entities.EntityWorld.dispose()V+11
j  com.punchline.javalib.states.screens.GameplayScreen.dispose()V+4
j  com.punchline.javalib.states.screens.PauseMenuScreen.onQuitPressed()V+4
j  com.punchline.javalib.states.screens.PauseMenuScreen$2.touchUp(Lcom/badlogic/gdx/scenes/scene2d/InputEvent;FFII)V+15
j  com.badlogic.gdx.scenes.scene2d.InputListener.handle(Lcom/badlogic/gdx/scenes/scene2d/Event;)Z+196
j  com.badlogic.gdx.scenes.scene2d.Stage.touchUp(IIII)Z+214
j  com.badlogic.gdx.backends.lwjgl.LwjglInput.processEvents()V+283
j  com.badlogic.gdx.backends.lwjgl.LwjglApplication.mainLoop()V+511
j  com.badlogic.gdx.backends.lwjgl.LwjglApplication$1.run()V+27
v  ~StubRoutines::call_stub

---------------  P R O C E S S  ---------------

Java Threads: ( => current thread )
  0x0000000008166000 JavaThread "LWJGL Timer" daemon [_thread_blocked, id=4980, stack(0x000000000e8a0000,0x000000000e9a0000)]
  0x00000000001ed800 JavaThread "DestroyJavaVM" [_thread_blocked, id=5196, stack(0x0000000002430000,0x0000000002530000)]
=>0x0000000008232800 JavaThread "LWJGL Application" [_thread_in_native, id=6472, stack(0x00000000092b0000,0x00000000093b0000)]
  0x0000000006193000 JavaThread "Service Thread" daemon [_thread_blocked, id=6816, stack(0x0000000007810000,0x0000000007910000)]
  0x00000000061b6800 JavaThread "C2 CompilerThread1" daemon [_thread_blocked, id=8640, stack(0x0000000007f30000,0x0000000008030000)]
  0x0000000006192000 JavaThread "C2 CompilerThread0" daemon [_thread_blocked, id=8544, stack(0x0000000007d00000,0x0000000007e00000)]
  0x0000000006183800 JavaThread "JDWP Command Reader" daemon [_thread_in_native, id=5564, stack(0x0000000007b10000,0x0000000007c10000)]
  0x0000000006182800 JavaThread "JDWP Event Helper Thread" daemon [_thread_blocked, id=9124, stack(0x0000000007910000,0x0000000007a10000)]
  0x000000000617f000 JavaThread "JDWP Transport Listener: dt_socket" daemon [_thread_blocked, id=3568, stack(0x00000000076c0000,0x00000000077c0000)]
  0x0000000006173000 JavaThread "Attach Listener" daemon [_thread_blocked, id=8960, stack(0x0000000006b40000,0x0000000006c40000)]
  0x000000000616e000 JavaThread "Signal Dispatcher" daemon [_thread_blocked, id=2204, stack(0x0000000006950000,0x0000000006a50000)]
  0x0000000002129800 JavaThread "Finalizer" daemon [_thread_blocked, id=6916, stack(0x0000000006840000,0x0000000006940000)]
  0x0000000002121000 JavaThread "Reference Handler" daemon [_thread_blocked, id=8408, stack(0x0000000006690000,0x0000000006790000)]

Other Threads:
  0x0000000002119800 VMThread [stack: 0x0000000006580000,0x0000000006680000] [id=6484]
  0x00000000061d7000 WatcherThread [stack: 0x0000000007a10000,0x0000000007b10000] [id=9040]

VM state:not at safepoint (normal execution)

VM Mutex/Monitor currently owned by a thread: None

Heap
 PSYoungGen      total 19072K, used 7832K [0x00000000eac00000, 0x00000000ec140000, 0x0000000100000000)
  eden space 16384K, 31% used [0x00000000eac00000,0x00000000eb1096e0,0x00000000ebc00000)
  from space 2688K, 99% used [0x00000000ebc00000,0x00000000ebe9ca00,0x00000000ebea0000)
  to   space 2688K, 0% used [0x00000000ebea0000,0x00000000ebea0000,0x00000000ec140000)
 PSOldGen        total 43520K, used 1656K [0x00000000c0400000, 0x00000000c2e80000, 0x00000000eac00000)
  object space 43520K, 3% used [0x00000000c0400000,0x00000000c059e1b0,0x00000000c2e80000)
 PSPermGen       total 21248K, used 7130K [0x00000000bb200000, 0x00000000bc6c0000, 0x00000000c0400000)
  object space 21248K, 33% used [0x00000000bb200000,0x00000000bb8f6938,0x00000000bc6c0000)

Code Cache  [0x0000000002530000, 0x00000000027a0000, 0x0000000005530000)
 total_blobs=700 nmethods=319 adapters=340 free_code_cache=48079Kb largest_free_block=49186496

Dynamic libraries:
0x000000013fce0000 - 0x000000013fd13000 	C:\Program Files\Java\jre7\bin\javaw.exe
0x0000000077820000 - 0x00000000779c9000 	C:\Windows\SYSTEM32\ntdll.dll
0x0000000077700000 - 0x000000007781f000 	C:\Windows\system32\kernel32.dll
0x000007fefd7c0000 - 0x000007fefd82b000 	C:\Windows\system32\KERNELBASE.dll
0x000007fefe420000 - 0x000007fefe4fb000 	C:\Windows\system32\ADVAPI32.dll
0x000007feff770000 - 0x000007feff80f000 	C:\Windows\system32\msvcrt.dll
0x000007fefda60000 - 0x000007fefda7f000 	C:\Windows\SYSTEM32\sechost.dll
0x000007fefe620000 - 0x000007fefe74d000 	C:\Windows\system32\RPCRT4.dll
0x0000000077600000 - 0x00000000776fa000 	C:\Windows\system32\USER32.dll
0x000007fefe2e0000 - 0x000007fefe347000 	C:\Windows\system32\GDI32.dll
0x000007fefe2d0000 - 0x000007fefe2de000 	C:\Windows\system32\LPK.dll
0x000007fefdfc0000 - 0x000007fefe089000 	C:\Windows\system32\USP10.dll
0x000007fefc1d0000 - 0x000007fefc3c4000 	C:\Windows\WinSxS\amd64_microsoft.windows.common-controls_6595b64144ccf1df_6.0.7601.17514_none_fa396087175ac9ac\COMCTL32.dll
0x000007fefda80000 - 0x000007fefdaf1000 	C:\Windows\system32\SHLWAPI.dll
0x000007fefda30000 - 0x000007fefda5e000 	C:\Windows\system32\IMM32.DLL
0x000007feffa20000 - 0x000007feffb29000 	C:\Windows\system32\MSCTF.dll
0x0000000070c90000 - 0x0000000070d61000 	C:\Program Files\Java\jre7\bin\msvcr100.dll
0x0000000063850000 - 0x0000000063f1d000 	C:\Program Files\Java\jre7\bin\server\jvm.dll
0x000007fefb230000 - 0x000007fefb239000 	C:\Windows\system32\WSOCK32.dll
0x000007fefe3b0000 - 0x000007fefe3fd000 	C:\Windows\system32\WS2_32.dll
0x000007fefe930000 - 0x000007fefe938000 	C:\Windows\system32\NSI.dll
0x000007fefb8e0000 - 0x000007fefb91b000 	C:\Windows\system32\WINMM.dll
0x00000000779e0000 - 0x00000000779e7000 	C:\Windows\system32\PSAPI.DLL
0x00000000740e0000 - 0x00000000740ef000 	C:\Program Files\Java\jre7\bin\verify.dll
0x0000000071dd0000 - 0x0000000071df8000 	C:\Program Files\Java\jre7\bin\java.dll
0x0000000071d30000 - 0x0000000071d65000 	C:\Program Files\Java\jre7\bin\jdwp.dll
0x00000000740d0000 - 0x00000000740d8000 	C:\Program Files\Java\jre7\bin\npt.dll
0x00000000729d0000 - 0x00000000729e5000 	C:\Program Files\Java\jre7\bin\zip.dll
0x0000000074fd0000 - 0x0000000074fd9000 	C:\Program Files\Java\jre7\bin\dt_socket.dll
0x000007fefaf20000 - 0x000007fefaf35000 	C:\Windows\system32\NLAapi.dll
0x000007fef3570000 - 0x000007fef3585000 	C:\Windows\system32\napinsp.dll
0x000007fef3550000 - 0x000007fef3569000 	C:\Windows\system32\pnrpnsp.dll
0x000007fef3520000 - 0x000007fef354e000 	C:\Program Files\Common Files\Microsoft Shared\Windows Live\WLIDNSP.DLL
0x000007fefce30000 - 0x000007fefce85000 	C:\Windows\System32\mswsock.dll
0x000007fefccb0000 - 0x000007fefcd0b000 	C:\Windows\system32\DNSAPI.dll
0x000007fef3510000 - 0x000007fef351b000 	C:\Windows\System32\winrnr.dll
0x0000000072a00000 - 0x0000000072a26000 	C:\Program Files\Bonjour\mdnsNSP.dll
0x000007fefad10000 - 0x000007fefad37000 	C:\Windows\system32\Iphlpapi.DLL
0x000007fefad00000 - 0x000007fefad0b000 	C:\Windows\system32\WINNSI.DLL
0x000007fefab90000 - 0x000007fefabe3000 	C:\Windows\System32\fwpuclnt.dll
0x000007fef3500000 - 0x000007fef3508000 	C:\Windows\system32\rasadhlp.dll
0x000007fefc7e0000 - 0x000007fefc7e7000 	C:\Windows\System32\wshtcpip.dll
0x0000000065580000 - 0x0000000065610000 	C:\Users\Nathaniel\AppData\Local\Temp\libgdxNathaniel\3483125498\gdx64.dll
0x0000000180000000 - 0x0000000180050000 	C:\Users\Nathaniel\AppData\Local\Temp\libgdxNathaniel\1284024257\lwjgl64.dll
0x000007fee50d0000 - 0x000007fee51ed000 	C:\Windows\system32\OPENGL32.dll
0x000007fef4020000 - 0x000007fef404d000 	C:\Windows\system32\GLU32.dll
0x000007fef1610000 - 0x000007fef1701000 	C:\Windows\system32\DDRAW.dll
0x000007fefb9e0000 - 0x000007fefb9e8000 	C:\Windows\system32\DCIMAN32.dll
0x000007fefe750000 - 0x000007fefe927000 	C:\Windows\system32\SETUPAPI.dll
0x000007fefd9e0000 - 0x000007fefda16000 	C:\Windows\system32\CFGMGR32.dll
0x000007fefe090000 - 0x000007fefe167000 	C:\Windows\system32\OLEAUT32.dll
0x000007feff810000 - 0x000007feffa13000 	C:\Windows\system32\ole32.dll
0x000007fefd9c0000 - 0x000007fefd9da000 	C:\Windows\system32\DEVOBJ.dll
0x000007fefb720000 - 0x000007fefb738000 	C:\Windows\system32\dwmapi.dll
0x000007fefc6f0000 - 0x000007fefc6fc000 	C:\Windows\system32\VERSION.dll
0x0000000005760000 - 0x00000000057c4000 	C:\Users\NATHAN~1\AppData\Local\Temp\libgdxNathaniel\1284024257\OpenAL64.dll
0x000007fefe940000 - 0x000007feff6c8000 	C:\Windows\system32\SHELL32.dll
0x000007fefd530000 - 0x000007fefd53f000 	C:\Windows\system32\CRYPTBASE.dll
0x000007fefbff0000 - 0x000007fefc046000 	C:\Windows\system32\uxtheme.dll
0x000007feeef40000 - 0x000007feeefbf000 	C:\Program Files\Common Files\microsoft shared\ink\tiptsf.dll
0x000007feff6d0000 - 0x000007feff769000 	C:\Windows\system32\CLBCatQ.DLL
0x000007fefc050000 - 0x000007fefc17c000 	C:\Windows\System32\PROPSYS.dll
0x000007fefd6c0000 - 0x000007fefd6f9000 	C:\Windows\system32\WINTRUST.dll
0x000007fefd830000 - 0x000007fefd99a000 	C:\Windows\system32\CRYPT32.dll
0x000007fefd6a0000 - 0x000007fefd6af000 	C:\Windows\system32\MSASN1.dll
0x000007fefb920000 - 0x000007fefb9a8000 	C:\Windows\system32\dsound.dll
0x000007fefc6c0000 - 0x000007fefc6ec000 	C:\Windows\system32\POWRPROF.dll
0x000007fefbb30000 - 0x000007fefbb7b000 	C:\Windows\System32\MMDevApi.dll
0x000007fefb150000 - 0x000007fefb19f000 	C:\Windows\system32\AUDIOSES.DLL
0x000007fef4820000 - 0x000007fef4829000 	C:\Windows\system32\atig6pxx.dll
0x0000000052bf0000 - 0x00000000542d3000 	C:\Windows\system32\atio6axx.dll
0x000007fefad40000 - 0x000007fefade6000 	C:\Windows\system32\atiadlxx.dll
0x000007fefc900000 - 0x000007fefc91e000 	C:\Windows\system32\USERENV.dll
0x000007fefd600000 - 0x000007fefd60f000 	C:\Windows\system32\profapi.dll
0x000007fefc7c0000 - 0x000007fefc7d1000 	C:\Windows\system32\WTSAPI32.dll
0x000007fef3380000 - 0x000007fef349e000 	C:\Windows\system32\aticfx64.dll
0x000007fef4810000 - 0x000007fef481e000 	C:\Windows\system32\atig6txx.dll
0x000007fefa5b0000 - 0x000007fefa604000 	C:\Windows\system32\oleacc.dll
0x000007fef09a0000 - 0x000007fef0a3c000 	C:\Windows\system32\mscms.dll
0x000007fef1a90000 - 0x000007fef1ad2000 	C:\Windows\system32\icm32.dll
0x000007fefce90000 - 0x000007fefcea7000 	C:\Windows\system32\CRYPTSP.dll
0x000007fefcb90000 - 0x000007fefcbd7000 	C:\Windows\system32\rsaenh.dll
0x000007fefd5e0000 - 0x000007fefd5f4000 	C:\Windows\system32\RpcRtRemote.dll

VM Arguments:
jvm_args: -agentlib:jdwp=transport=dt_socket,suspend=y,address=localhost:53169 -Dfile.encoding=Cp1252 
java_command: com.punchline.microspace.Main
Launcher Type: SUN_STANDARD

Environment Variables:
JAVA_HOME=C:\Program Files (x86)\Java\jdk1.7.0_06\bin
PATH=C:\Program Files (x86)\AMD APP\bin\x86_64;C:\Program Files (x86)\AMD APP\bin\x86;C:\Program Files (x86)\NVIDIA Corporation\PhysX\Common;C:\Program Files\Common Files\Microsoft Shared\Windows Live;C:\Program Files (x86)\Common Files\Microsoft Shared\Windows Live;C:\Windows\system32;C:\Windows;C:\Windows\System32\Wbem;C:\Windows\System32\WindowsPowerShell\v1.0\;c:\Program Files (x86)\Common Files\Roxio Shared\DLLShared\;c:\Program Files (x86)\Common Files\Roxio Shared\DLLShared\;c:\Program Files (x86)\Common Files\Roxio Shared\12.0\DLLShared\;C:\Program Files (x86)\Windows Live\Shared;PROGRAMFILES\Internet Explorer;C:\Program Files (x86)\ATI Technologies\ATI.ACE\Core-Static;c:\Program Files\Microsoft SQL Server\110\Tools\Binn\;c:\Program Files (x86)\Microsoft SQL Server\110\Tools\Binn\;c:\Program Files\Microsoft SQL Server\110\DTS\Binn\;c:\Program Files (x86)\Microsoft SQL Server\110\Tools\Binn\ManagementStudio\;c:\Program Files (x86)\Microsoft SQL Server\110\DTS\Binn\;C:\Program Files\TortoiseGit\bin;C:\Program Files\TortoiseSVN\bin;;C:\Motion-Twin\Haxe\;C:\Motion-Twin\neko
USERNAME=Nathaniel
OS=Windows_NT
PROCESSOR_IDENTIFIER=Intel64 Family 6 Model 42 Stepping 7, GenuineIntel



---------------  S Y S T E M  ---------------

OS: Windows 7 , 64 bit Build 7601 Service Pack 1

CPU:total 4 (4 cores per cpu, 1 threads per core) family 6 model 42 stepping 7, cmov, cx8, fxsr, mmx, sse, sse2, sse3, ssse3, sse4.1, sse4.2, popcnt

Memory: 4k page, physical 4176428k(1500744k free), swap 8350996k(3647116k free)

vm_info: Java HotSpot(TM) 64-Bit Server VM (21.1-b02) for windows-amd64 JRE (1.7.0_01-b08), built on Oct  3 2011 01:39:25 by "java_re" with unknown MS VC++:1600

time: Wed Jul 24 17:25:31 2013
elapsed time: 475 seconds

